[Simulation Monitor: 12]
[2024-08-08 17:27:31.903 +0800] [PROCESS] [cadence.virtuoso.ade.simulationMonitor] - Started the simulation monitor process {"hostname": "lxb17.cadcam.nus.edu.sg", "processid": 353297, "logfile": "/staff1/elehch/EE3408C_pdk180nm/logs_elehch/logs0/Job12.log", "simulation monitor command line": "/app11/cadence/IC23.1-ISR3/tools.lnx86/dfII/bin/64bit/spectreMonitor --davinciService DaVinciService_327324_1723095693 --axlsession fnxSession2 -lscs 000175E1894CBE06FF0966E38F1FFC06BC4D60E3EA73FC06DF2533FC80069F678B6336BEC54DD2378D7D66E08617CC3C927A48D3BE2EFC06BC4D0057009C7385DAF900001E09 -beanhost lxb17.cadcam.nus.edu.sg -beanport 11908 -beanLogFile /staff1/elehch/EE3408C_pdk180nm/logs_elehch/logs0/amps_Job12.log -beanbinlog  --domain 0 --interactive yes --netlistOpt no --useMultiPointEvaluation yes --exprEvalShowJobStderr yes --evalSimParallel no --maxSims 0 --historyName ExplorerRun.0 --historyUUID  --exprEvaluator vds --mcMapping mc1.mapping --checkLogStatusInterval 0 --exprEvalMaxTries 3 --maxNFSSyncWait 60 -adeBrokerAddress lxb17.cadcam.nus.edu.sg:35435 --statdbType h5 --virtuosoBinary virtuoso --guiDisplay 10.192.4.70:11.0 --globalStatus 60 --evaluateMultiMC yes --evalOnSimFail SkipFailedAnalyses --numRetriesOnError 1 --fenixMode explorer --lingertimeout 300 -ahdlLockTimeout 60 --sdbLib project --sdbCell tut3 --sdbView maestro --heartBeatFileDir /dev/shm --id 12 --uuid dae67958-e6ed-40af-beb7-9a0359657fa5 --log /staff1/elehch/EE3408C_pdk180nm/logs_elehch/logs0/Job12.log "}
[2024-08-08 17:27:31.903 +0800] [PROCESS] [cadence.virtuoso.ade.simulationMonitor] - Started the simulation monitor process {"hostname": "lxb17.cadcam.nus.edu.sg", "processid": 353297, "logfile": "/staff1/elehch/EE3408C_pdk180nm/logs_elehch/logs0/Job12.log", "current directory": "/staff1/elehch/EE3408C_pdk180nm"}
[2024-08-08 17:27:31.903 +0800] [PROCESS] [cadence.virtuoso.ade.simulationMonitor] - Simulation Monitor has successfully started up. Trying to set up communication channels to other components ... {"hostname": "lxb17.cadcam.nus.edu.sg", "processid": 353297, "logfile": "/staff1/elehch/EE3408C_pdk180nm/logs_elehch/logs0/Job12.log"}
[2024-08-08 17:27:31.903 +0800] [PROCESS] [cadence.virtuoso.ade.simulationMonitor] - Communication channels have been successfully set up. Start processing events ... {"hostname": "lxb17.cadcam.nus.edu.sg", "processid": 353297, "logfile": "/staff1/elehch/EE3408C_pdk180nm/logs_elehch/logs0/Job12.log"}
[2024-08-08 17:27:31.904 +0800] [PROCESS] [cadence.virtuoso.ade.simulationMonitor] - Considering to start history {"hostname": "lxb17.cadcam.nus.edu.sg", "processid": 353297, "history": "ExplorerRun.0", "logfile": "/staff1/elehch/EE3408C_pdk180nm/logs_elehch/logs0/Job12.log"}
[2024-08-08 17:27:31.905 +0800] [PROCESS] [cadence.virtuoso.ade.simulationMonitor] - HostInfo:
Host name (type):	lxb17.cadcam.nus.edu.sg (x86_64)
Operating system:	Linux 4.18.0-553.8.1.el8_10.x86_64 #1 SMP Fri Jun 14 03:19:37 EDT 2024 {"hostname": "lxb17.cadcam.nus.edu.sg", "processid": 353297, "history": "ExplorerRun.0", "logfile": "/staff1/elehch/EE3408C_pdk180nm/logs_elehch/logs0/Job12.log", "nodename": "lxb17.cadcam.nus.edu.sg", "domainname": "cadcam1", "machine": "x86_64", "sysname": "Linux", "release": "4.18.0-553.8.1.el8_10.x86_64", "version": "#1 SMP Fri Jun 14 03:19:37 EDT 2024"}
[2024-08-08 17:27:31.905 +0800] [PROCESS] [cadence.virtuoso.ade.simulationMonitor] - UsageInfo:
pid=353297
totalPhysicalMemory=15.088840GB,Used=5.700699GB,totalVirtualMemory=47.088837GB,Used=5.700699GB
Cpu: Cores=4, Load average:0.320000,0.170000,0.190000 {"hostname": "lxb17.cadcam.nus.edu.sg", "processid": 353297, "history": "ExplorerRun.0", "logfile": "/staff1/elehch/EE3408C_pdk180nm/logs_elehch/logs0/Job12.log", "pid": "353297", "totalPhysicalMemory": "15.088840", "physicalMemoryUsed": "5.700699", "totalVirtualMemory": "47.088837", "virtualMemoryUsed": "5.700699", "cpuCores": "4", "processes": "497", "loadAverage1": "0.320000", "loadAverage5": "0.170000", "loadAverage15": "0.190000", "loadAverage1Percent": "0.080000"}
[2024-08-08 17:27:31.935 +0800] [EVENT] [cadence.virtuoso.ade.simulationMonitor] - NewPoint {"history": "ExplorerRun.0", "point": 1, "testname": "project_tut3_1", "cornername": "Nominal", "event": "NewPoint", "EventSource": "Simulation Monitor", "HistoryName": "ExplorerRun.0", "logFile": "/staff1/elehch/EE3408C_pdk180nm/logs_elehch/logs0/Job12.log", "logFileSize": "4073", "category": "simulation"}
[2024-08-08 17:27:32.037 +0800] [EVENT] [cadence.virtuoso.ade.simulationMonitor] - NewPoint {"history": "ExplorerRun.0", "point": 1, "testname": "project_tut3_1", "cornername": "Nominal", "event": "NewPoint", "EventSource": "spectre", "HistoryName": "ExplorerRun.0", "logFile": "/staff1/elehch/simulation/project/tut3/maestro/results/maestro/ExplorerRun.0/1/project_tut3_1/psf/spectre.out", "logFileSize": "-1", "category": "simulation"}
[2024-08-08 17:27:32.163 +0800] [PROCESS] [cadence.virtuoso.ade.simulationMonitor] - Simulator launched {"hostname": "lxb17.cadcam.nus.edu.sg", "processid": 353297, "history": "ExplorerRun.0", "testname": "project_tut3_1", "cornername": "Nominal", "point": 1, "logfile": "/staff1/elehch/EE3408C_pdk180nm/logs_elehch/logs0/Job12.log", "simid": "1", "event": "launch", "category": "simulation"}
[2024-08-08 17:27:32.173 +0800] [PROCESS] [cadence.virtuoso.ade.simulationMonitor] - Expression evaluator launched {"hostname": "lxb17.cadcam.nus.edu.sg", "processid": 353297, "history": "ExplorerRun.0", "testname": "project_tut3_1", "cornername": "Nominal", "point": 1, "logfile": "/staff1/elehch/EE3408C_pdk180nm/logs_elehch/logs0/Job12.log"}
[2024-08-08 17:27:32.224 +0800] [PROCESS] [cadence.virtuoso.ade.simulationMonitor] - Started Simulation {"hostname": "lxb17.cadcam.nus.edu.sg", "processid": 353297, "history": "ExplorerRun.0", "testname": "project_tut3_1", "cornername": "Nominal", "point": 1, "logfile": "/staff1/elehch/EE3408C_pdk180nm/logs_elehch/logs0/Job12.log", "event": "start", "category": "simulation"}
[2024-08-08 17:27:33.225 +0800] [INFO] [cadence.virtuoso.ade.simulationMonitor] - Peak resident memory used = 68.3 Mbytes. {"history": "ExplorerRun.0", "point": 1, "testname": "project_tut3_1", "cornername": "Nominal"}
[2024-08-08 17:27:33.225 +0800] [INFO] [cadence.virtuoso.ade.simulationMonitor] - Peak resident memory used = 74.1 Mbytes. {"history": "ExplorerRun.0", "point": 1, "testname": "project_tut3_1", "cornername": "Nominal"}
[2024-08-08 17:27:33.225 +0800] [INFO] [cadence.virtuoso.ade.simulationMonitor] - Peak resident memory used = 75.2 Mbytes. {"history": "ExplorerRun.0", "point": 1, "testname": "project_tut3_1", "cornername": "Nominal"}
[2024-08-08 17:27:33.225 +0800] [INFO] [cadence.virtuoso.ade.simulationMonitor] - Notice from spectre during initial setup.
    Multithreading is disabled due to the size of the design being too small. {"history": "ExplorerRun.0", "point": 1, "testname": "project_tut3_1", "cornername": "Nominal"}
[2024-08-08 17:27:33.360 +0800] [INFO] [cadence.virtuoso.ade.simulationMonitor] -               nodes 8 {"history": "ExplorerRun.0", "point": 1, "testname": "project_tut3_1", "cornername": "Nominal"}
[2024-08-08 17:27:33.360 +0800] [INFO] [cadence.virtuoso.ade.simulationMonitor] - Notice from spectre during initial setup.
    APS Enabled. {"history": "ExplorerRun.0", "point": 1, "testname": "project_tut3_1", "cornername": "Nominal"}
[2024-08-08 17:27:33.360 +0800] [INFO] [cadence.virtuoso.ade.simulationMonitor] - Peak resident memory used = 77.2 Mbytes. {"history": "ExplorerRun.0", "point": 1, "testname": "project_tut3_1", "cornername": "Nominal"}
[2024-08-08 17:27:33.360 +0800] [WARN] [cadence.virtuoso.ade.simulationMonitor] -     WARNING (SPECTRE-16707): Only tran supports psfxl format, result of other analyses will be in psfbin format. {"history": "ExplorerRun.0", "point": 1, "testname": "project_tut3_1", "cornername": "Nominal"}
[2024-08-08 17:27:33.360 +0800] [INFO] [cadence.virtuoso.ade.simulationMonitor] - Total time required for dc analysis `dcOp': CPU = 2.511 ms, elapsed = 50.9088 ms. {"history": "ExplorerRun.0", "point": 1, "testname": "project_tut3_1", "cornername": "Nominal"}
[2024-08-08 17:27:33.361 +0800] [INFO] [cadence.virtuoso.ade.simulationMonitor] - Peak resident memory used = 78.2 Mbytes. {"history": "ExplorerRun.0", "point": 1, "testname": "project_tut3_1", "cornername": "Nominal"}
[2024-08-08 17:27:33.904 +0800] [INFO] [cadence.virtuoso.ade.simulationMonitor] - Time used: CPU = 150 ms, elapsed = 1.08 s, util. = 13.9%. {"history": "ExplorerRun.0", "point": 1, "testname": "project_tut3_1", "cornername": "Nominal"}
[2024-08-08 17:27:33.904 +0800] [INFO] [cadence.virtuoso.ade.simulationMonitor] - Time spent in licensing: elapsed = 20 ms. {"history": "ExplorerRun.0", "point": 1, "testname": "project_tut3_1", "cornername": "Nominal"}
[2024-08-08 17:27:33.921 +0800] [INFO] [cadence.virtuoso.ade.simulationMonitor] - Peak memory used = 79.5 Mbytes. {"history": "ExplorerRun.0", "point": 1, "testname": "project_tut3_1", "cornername": "Nominal"}
[2024-08-08 17:27:33.974 +0800] [PROCESS] [cadence.virtuoso.ade.simulationMonitor] - Simulation started at: 5:27:32 PM, Thur Aug 8, 2024, ended at: 5:27:33 PM, Thur Aug 8, 2024, with elapsed time (wall clock): 1.08 s. {"history": "ExplorerRun.0", "point": 1, "testname": "project_tut3_1", "cornername": "Nominal"}
[2024-08-08 17:27:33.974 +0800] [PROCESS] [cadence.virtuoso.ade.simulationMonitor] - spectre completes with 0 errors, 1 warning, and 2 notices. {"history": "ExplorerRun.0", "point": 1, "testname": "project_tut3_1", "cornername": "Nominal"}
[2024-08-08 17:27:33.974 +0800] [PROCESS] [cadence.virtuoso.ade.simulationMonitor] - Finished simulating for one point {"hostname": "lxb17.cadcam.nus.edu.sg", "processid": 353297, "history": "ExplorerRun.0", "testname": "project_tut3_1", "cornername": "Nominal", "point": 1, "logfile": "/staff1/elehch/EE3408C_pdk180nm/logs_elehch/logs0/Job12.log", "simid": "1", "event": "finish", "category": "simulation"}
[2024-08-08 17:27:33.975 +0800] [PROCESS] [cadence.virtuoso.ade.simulationMonitor] - Simulator exited {"hostname": "lxb17.cadcam.nus.edu.sg", "processid": 353297, "history": "ExplorerRun.0", "testname": "project_tut3_1", "cornername": "Nominal", "point": 1, "logfile": "/staff1/elehch/EE3408C_pdk180nm/logs_elehch/logs0/Job12.log", "exitStatus": "0"}
[2024-08-08 17:27:33.975 +0800] [PROCESS] [cadence.virtuoso.ade.simulationMonitor] - Finished Simulation {"hostname": "lxb17.cadcam.nus.edu.sg", "processid": 353297, "history": "ExplorerRun.0", "testname": "project_tut3_1", "cornername": "Nominal", "point": 1, "logfile": "/staff1/elehch/EE3408C_pdk180nm/logs_elehch/logs0/Job12.log", "simid": "1", "event": "finish", "category": "obsolete"}
[2024-08-08 17:27:38.013 +0800] [PROCESS] [cadence.virtuoso.ade.simulationMonitor] - Point Finished {"hostname": "lxb17.cadcam.nus.edu.sg", "processid": 353297, "history": "ExplorerRun.0", "testname": "project_tut3_1", "cornername": "Nominal", "point": 1, "logfile": "/staff1/elehch/EE3408C_pdk180nm/logs_elehch/logs0/Job12.log", "event": "finish", "category": "sim-eval"}
[2024-08-08 17:27:39.014 +0800] [PROCESS] [cadence.virtuoso.ade.simulationMonitor] - Stay with the runId '30', Linger time '300', currentRunSyn '61', currentTestSyn '62' {"hostname": "lxb17.cadcam.nus.edu.sg", "processid": 353297, "history": "ExplorerRun.0", "testname": "project_tut3_1", "cornername": "Nominal", "point": 1, "logfile": "/staff1/elehch/EE3408C_pdk180nm/logs_elehch/logs0/Job12.log"}
[2024-08-08 17:27:40.014 +0800] [PROCESS] [cadence.virtuoso.ade.simulationMonitor] - Stay with the runId '30', Linger time '300', currentRunSyn '61', currentTestSyn '62' {"hostname": "lxb17.cadcam.nus.edu.sg", "processid": 353297, "history": "ExplorerRun.0", "testname": "project_tut3_1", "cornername": "Nominal", "point": 1, "logfile": "/staff1/elehch/EE3408C_pdk180nm/logs_elehch/logs0/Job12.log"}
[2024-08-08 17:32:38.647 +0800] [PROCESS] [cadence.virtuoso.ade.simulationMonitor] - Current memory used: 82.1992 MBytes, peak memory used: 82.1992 MBytes {"hostname": "lxb17.cadcam.nus.edu.sg", "processid": 353297, "history": "ExplorerRun.0", "testname": "project_tut3_1", "cornername": "Nominal", "point": 1, "logfile": "/staff1/elehch/EE3408C_pdk180nm/logs_elehch/logs0/Job12.log"}
[2024-08-08 17:32:38.647 +0800] [PROCESS] [cadence.virtuoso.ade.simulationMonitor] - Simulation Monitor process exits. {"hostname": "lxb17.cadcam.nus.edu.sg", "processid": 353297, "history": "ExplorerRun.0", "testname": "project_tut3_1", "cornername": "Nominal", "point": 1, "logfile": "/staff1/elehch/EE3408C_pdk180nm/logs_elehch/logs0/Job12.log"}
