[Simulation Monitor: 10]
[2024-08-08 17:15:13.908 +0800] [PROCESS] [cadence.virtuoso.ade.simulationMonitor] - Started the simulation monitor process {"hostname": "lxb17.cadcam.nus.edu.sg", "processid": 351374, "logfile": "/staff1/elehch/EE3408C_pdk180nm/logs_elehch/logs0/Job10.log", "simulation monitor command line": "/app11/cadence/IC23.1-ISR3/tools.lnx86/dfII/bin/64bit/spectreMonitor --davinciService DaVinciService_327324_1723095693 --axlsession fnxSession2 -lscs 000175E1894CBE06FF0966E38F1FFC06BC4D60E3EA73FC06DF2533FC80069F678B6336BEC54DD2378D7D66E08617CC3C927A48D3BE2EFC06BC4D005703BE70A7DAF900001E1F -beanhost lxb17.cadcam.nus.edu.sg -beanport 11908 -beanLogFile /staff1/elehch/EE3408C_pdk180nm/logs_elehch/logs0/amps_Job10.log -beanbinlog  --domain 0 --interactive yes --netlistOpt no --useMultiPointEvaluation yes --exprEvalShowJobStderr yes --evalSimParallel no --maxSims 0 --historyName ExplorerRun.0 --historyUUID  --exprEvaluator vds --mcMapping mc1.mapping --checkLogStatusInterval 0 --exprEvalMaxTries 3 --maxNFSSyncWait 60 -adeBrokerAddress lxb17.cadcam.nus.edu.sg:35435 --statdbType h5 --virtuosoBinary virtuoso --guiDisplay 10.192.4.70:11.0 --globalStatus 60 --evaluateMultiMC yes --evalOnSimFail SkipFailedAnalyses --numRetriesOnError 1 --fenixMode explorer --lingertimeout 300 -ahdlLockTimeout 60 --sdbLib project --sdbCell tut3 --sdbView maestro --heartBeatFileDir /dev/shm --id 10 --uuid f844abaf-2483-4edf-a93b-9721570e3e3b --log /staff1/elehch/EE3408C_pdk180nm/logs_elehch/logs0/Job10.log "}
[2024-08-08 17:15:13.908 +0800] [PROCESS] [cadence.virtuoso.ade.simulationMonitor] - Started the simulation monitor process {"hostname": "lxb17.cadcam.nus.edu.sg", "processid": 351374, "logfile": "/staff1/elehch/EE3408C_pdk180nm/logs_elehch/logs0/Job10.log", "current directory": "/staff1/elehch/EE3408C_pdk180nm"}
[2024-08-08 17:15:13.908 +0800] [PROCESS] [cadence.virtuoso.ade.simulationMonitor] - Simulation Monitor has successfully started up. Trying to set up communication channels to other components ... {"hostname": "lxb17.cadcam.nus.edu.sg", "processid": 351374, "logfile": "/staff1/elehch/EE3408C_pdk180nm/logs_elehch/logs0/Job10.log"}
[2024-08-08 17:15:13.909 +0800] [PROCESS] [cadence.virtuoso.ade.simulationMonitor] - Communication channels have been successfully set up. Start processing events ... {"hostname": "lxb17.cadcam.nus.edu.sg", "processid": 351374, "logfile": "/staff1/elehch/EE3408C_pdk180nm/logs_elehch/logs0/Job10.log"}
[2024-08-08 17:15:13.909 +0800] [PROCESS] [cadence.virtuoso.ade.simulationMonitor] - Considering to start history {"hostname": "lxb17.cadcam.nus.edu.sg", "processid": 351374, "history": "ExplorerRun.0", "logfile": "/staff1/elehch/EE3408C_pdk180nm/logs_elehch/logs0/Job10.log"}
[2024-08-08 17:15:13.910 +0800] [PROCESS] [cadence.virtuoso.ade.simulationMonitor] - HostInfo:
Host name (type):	lxb17.cadcam.nus.edu.sg (x86_64)
Operating system:	Linux 4.18.0-553.8.1.el8_10.x86_64 #1 SMP Fri Jun 14 03:19:37 EDT 2024 {"hostname": "lxb17.cadcam.nus.edu.sg", "processid": 351374, "history": "ExplorerRun.0", "logfile": "/staff1/elehch/EE3408C_pdk180nm/logs_elehch/logs0/Job10.log", "nodename": "lxb17.cadcam.nus.edu.sg", "domainname": "cadcam1", "machine": "x86_64", "sysname": "Linux", "release": "4.18.0-553.8.1.el8_10.x86_64", "version": "#1 SMP Fri Jun 14 03:19:37 EDT 2024"}
[2024-08-08 17:15:13.911 +0800] [PROCESS] [cadence.virtuoso.ade.simulationMonitor] - UsageInfo:
pid=351374
totalPhysicalMemory=15.088840GB,Used=5.668495GB,totalVirtualMemory=47.088837GB,Used=5.668495GB
Cpu: Cores=4, Load average:0.440000,0.210000,0.270000 {"hostname": "lxb17.cadcam.nus.edu.sg", "processid": 351374, "history": "ExplorerRun.0", "logfile": "/staff1/elehch/EE3408C_pdk180nm/logs_elehch/logs0/Job10.log", "pid": "351374", "totalPhysicalMemory": "15.088840", "physicalMemoryUsed": "5.668495", "totalVirtualMemory": "47.088837", "virtualMemoryUsed": "5.668495", "cpuCores": "4", "processes": "497", "loadAverage1": "0.440000", "loadAverage5": "0.210000", "loadAverage15": "0.270000", "loadAverage1Percent": "0.110000"}
[2024-08-08 17:15:13.940 +0800] [EVENT] [cadence.virtuoso.ade.simulationMonitor] - NewPoint {"history": "ExplorerRun.0", "point": 1, "testname": "project_tut3_1", "cornername": "Nominal", "event": "NewPoint", "EventSource": "Simulation Monitor", "HistoryName": "ExplorerRun.0", "logFile": "/staff1/elehch/EE3408C_pdk180nm/logs_elehch/logs0/Job10.log", "logFileSize": "4073", "category": "simulation"}
[2024-08-08 17:15:14.041 +0800] [EVENT] [cadence.virtuoso.ade.simulationMonitor] - NewPoint {"history": "ExplorerRun.0", "point": 1, "testname": "project_tut3_1", "cornername": "Nominal", "event": "NewPoint", "EventSource": "spectre", "HistoryName": "ExplorerRun.0", "logFile": "/staff1/elehch/simulation/project/tut3/maestro/results/maestro/ExplorerRun.0/1/project_tut3_1/psf/spectre.out", "logFileSize": "-1", "category": "simulation"}
[2024-08-08 17:15:14.152 +0800] [PROCESS] [cadence.virtuoso.ade.simulationMonitor] - Simulator launched {"hostname": "lxb17.cadcam.nus.edu.sg", "processid": 351374, "history": "ExplorerRun.0", "testname": "project_tut3_1", "cornername": "Nominal", "point": 1, "logfile": "/staff1/elehch/EE3408C_pdk180nm/logs_elehch/logs0/Job10.log", "simid": "1", "event": "launch", "category": "simulation"}
[2024-08-08 17:15:14.169 +0800] [PROCESS] [cadence.virtuoso.ade.simulationMonitor] - Expression evaluator launched {"hostname": "lxb17.cadcam.nus.edu.sg", "processid": 351374, "history": "ExplorerRun.0", "testname": "project_tut3_1", "cornername": "Nominal", "point": 1, "logfile": "/staff1/elehch/EE3408C_pdk180nm/logs_elehch/logs0/Job10.log"}
[2024-08-08 17:15:14.230 +0800] [PROCESS] [cadence.virtuoso.ade.simulationMonitor] - Started Simulation {"hostname": "lxb17.cadcam.nus.edu.sg", "processid": 351374, "history": "ExplorerRun.0", "testname": "project_tut3_1", "cornername": "Nominal", "point": 1, "logfile": "/staff1/elehch/EE3408C_pdk180nm/logs_elehch/logs0/Job10.log", "event": "start", "category": "simulation"}
[2024-08-08 17:15:15.230 +0800] [INFO] [cadence.virtuoso.ade.simulationMonitor] - Peak resident memory used = 68.7 Mbytes. {"history": "ExplorerRun.0", "point": 1, "testname": "project_tut3_1", "cornername": "Nominal"}
[2024-08-08 17:15:15.230 +0800] [INFO] [cadence.virtuoso.ade.simulationMonitor] - Peak resident memory used = 74.5 Mbytes. {"history": "ExplorerRun.0", "point": 1, "testname": "project_tut3_1", "cornername": "Nominal"}
[2024-08-08 17:15:15.230 +0800] [INFO] [cadence.virtuoso.ade.simulationMonitor] - Peak resident memory used = 75.6 Mbytes. {"history": "ExplorerRun.0", "point": 1, "testname": "project_tut3_1", "cornername": "Nominal"}
[2024-08-08 17:15:15.230 +0800] [INFO] [cadence.virtuoso.ade.simulationMonitor] - Notice from spectre during initial setup.
    Multithreading is disabled due to the size of the design being too small. {"history": "ExplorerRun.0", "point": 1, "testname": "project_tut3_1", "cornername": "Nominal"}
[2024-08-08 17:15:15.328 +0800] [INFO] [cadence.virtuoso.ade.simulationMonitor] -               nodes 8 {"history": "ExplorerRun.0", "point": 1, "testname": "project_tut3_1", "cornername": "Nominal"}
[2024-08-08 17:15:15.328 +0800] [INFO] [cadence.virtuoso.ade.simulationMonitor] - Notice from spectre during initial setup.
    APS Enabled. {"history": "ExplorerRun.0", "point": 1, "testname": "project_tut3_1", "cornername": "Nominal"}
[2024-08-08 17:15:15.328 +0800] [INFO] [cadence.virtuoso.ade.simulationMonitor] - Peak resident memory used = 77.5 Mbytes. {"history": "ExplorerRun.0", "point": 1, "testname": "project_tut3_1", "cornername": "Nominal"}
[2024-08-08 17:15:15.328 +0800] [WARN] [cadence.virtuoso.ade.simulationMonitor] -     WARNING (SPECTRE-16707): Only tran supports psfxl format, result of other analyses will be in psfbin format. {"history": "ExplorerRun.0", "point": 1, "testname": "project_tut3_1", "cornername": "Nominal"}
[2024-08-08 17:15:15.328 +0800] [INFO] [cadence.virtuoso.ade.simulationMonitor] - Total time required for ac analysis `ac': CPU = 3.658 ms, elapsed = 28.6388 ms. {"history": "ExplorerRun.0", "point": 1, "testname": "project_tut3_1", "cornername": "Nominal"}
[2024-08-08 17:15:15.328 +0800] [INFO] [cadence.virtuoso.ade.simulationMonitor] - Peak resident memory used = 78.4 Mbytes. {"history": "ExplorerRun.0", "point": 1, "testname": "project_tut3_1", "cornername": "Nominal"}
[2024-08-08 17:15:15.864 +0800] [INFO] [cadence.virtuoso.ade.simulationMonitor] - Time used: CPU = 144 ms, elapsed = 852 ms, util. = 16.9%. {"history": "ExplorerRun.0", "point": 1, "testname": "project_tut3_1", "cornername": "Nominal"}
[2024-08-08 17:15:15.865 +0800] [INFO] [cadence.virtuoso.ade.simulationMonitor] - Time spent in licensing: elapsed = 20 ms. {"history": "ExplorerRun.0", "point": 1, "testname": "project_tut3_1", "cornername": "Nominal"}
[2024-08-08 17:15:15.902 +0800] [INFO] [cadence.virtuoso.ade.simulationMonitor] - Peak memory used = 80.1 Mbytes. {"history": "ExplorerRun.0", "point": 1, "testname": "project_tut3_1", "cornername": "Nominal"}
[2024-08-08 17:15:15.959 +0800] [PROCESS] [cadence.virtuoso.ade.simulationMonitor] - Simulation started at: 5:15:14 PM, Thur Aug 8, 2024, ended at: 5:15:15 PM, Thur Aug 8, 2024, with elapsed time (wall clock): 852 ms. {"history": "ExplorerRun.0", "point": 1, "testname": "project_tut3_1", "cornername": "Nominal"}
[2024-08-08 17:15:15.959 +0800] [PROCESS] [cadence.virtuoso.ade.simulationMonitor] - spectre completes with 0 errors, 1 warning, and 2 notices. {"history": "ExplorerRun.0", "point": 1, "testname": "project_tut3_1", "cornername": "Nominal"}
[2024-08-08 17:15:15.959 +0800] [PROCESS] [cadence.virtuoso.ade.simulationMonitor] - Finished simulating for one point {"hostname": "lxb17.cadcam.nus.edu.sg", "processid": 351374, "history": "ExplorerRun.0", "testname": "project_tut3_1", "cornername": "Nominal", "point": 1, "logfile": "/staff1/elehch/EE3408C_pdk180nm/logs_elehch/logs0/Job10.log", "simid": "1", "event": "finish", "category": "simulation"}
[2024-08-08 17:15:15.959 +0800] [PROCESS] [cadence.virtuoso.ade.simulationMonitor] - Simulator exited {"hostname": "lxb17.cadcam.nus.edu.sg", "processid": 351374, "history": "ExplorerRun.0", "testname": "project_tut3_1", "cornername": "Nominal", "point": 1, "logfile": "/staff1/elehch/EE3408C_pdk180nm/logs_elehch/logs0/Job10.log", "exitStatus": "0"}
[2024-08-08 17:15:15.959 +0800] [PROCESS] [cadence.virtuoso.ade.simulationMonitor] - Finished Simulation {"hostname": "lxb17.cadcam.nus.edu.sg", "processid": 351374, "history": "ExplorerRun.0", "testname": "project_tut3_1", "cornername": "Nominal", "point": 1, "logfile": "/staff1/elehch/EE3408C_pdk180nm/logs_elehch/logs0/Job10.log", "simid": "1", "event": "finish", "category": "obsolete"}
[2024-08-08 17:15:19.512 +0800] [PROCESS] [cadence.virtuoso.ade.simulationMonitor] - Point Finished {"hostname": "lxb17.cadcam.nus.edu.sg", "processid": 351374, "history": "ExplorerRun.0", "testname": "project_tut3_1", "cornername": "Nominal", "point": 1, "logfile": "/staff1/elehch/EE3408C_pdk180nm/logs_elehch/logs0/Job10.log", "event": "finish", "category": "sim-eval"}
[2024-08-08 17:15:20.514 +0800] [PROCESS] [cadence.virtuoso.ade.simulationMonitor] - Stay with the runId '28', Linger time '300', currentRunSyn '57', currentTestSyn '58' {"hostname": "lxb17.cadcam.nus.edu.sg", "processid": 351374, "history": "ExplorerRun.0", "testname": "project_tut3_1", "cornername": "Nominal", "point": 1, "logfile": "/staff1/elehch/EE3408C_pdk180nm/logs_elehch/logs0/Job10.log"}
[2024-08-08 17:20:20.372 +0800] [PROCESS] [cadence.virtuoso.ade.simulationMonitor] - Current memory used: 79.9219 MBytes, peak memory used: 79.9219 MBytes {"hostname": "lxb17.cadcam.nus.edu.sg", "processid": 351374, "history": "ExplorerRun.0", "testname": "project_tut3_1", "cornername": "Nominal", "point": 1, "logfile": "/staff1/elehch/EE3408C_pdk180nm/logs_elehch/logs0/Job10.log"}
[2024-08-08 17:20:20.372 +0800] [PROCESS] [cadence.virtuoso.ade.simulationMonitor] - Simulation Monitor process exits. {"hostname": "lxb17.cadcam.nus.edu.sg", "processid": 351374, "history": "ExplorerRun.0", "testname": "project_tut3_1", "cornername": "Nominal", "point": 1, "logfile": "/staff1/elehch/EE3408C_pdk180nm/logs_elehch/logs0/Job10.log"}
