[Simulation Monitor: 11]
[2024-08-08 17:21:17.008 +0800] [PROCESS] [cadence.virtuoso.ade.simulationMonitor] - Started the simulation monitor process {"hostname": "lxb17.cadcam.nus.edu.sg", "processid": 352328, "logfile": "/staff1/elehch/EE3408C_pdk180nm/logs_elehch/logs0/Job11.log", "simulation monitor command line": "/app11/cadence/IC23.1-ISR3/tools.lnx86/dfII/bin/64bit/spectreMonitor --davinciService DaVinciService_327324_1723095693 --axlsession fnxSession2 -lscs 000175E1894CBE06FF0966E38F1FFC06BC4D60E3EA73FC06DF2533FC80069F678B6336BEC54DD2378D7D66E08617CC3C927A48D3BE2EFC06BC4D00570113720ADAF900001DF5 -beanhost lxb17.cadcam.nus.edu.sg -beanport 11908 -beanLogFile /staff1/elehch/EE3408C_pdk180nm/logs_elehch/logs0/amps_Job11.log -beanbinlog  --domain 0 --interactive yes --netlistOpt no --useMultiPointEvaluation yes --exprEvalShowJobStderr yes --evalSimParallel no --maxSims 0 --historyName ExplorerRun.0 --historyUUID  --exprEvaluator vds --mcMapping mc1.mapping --checkLogStatusInterval 0 --exprEvalMaxTries 3 --maxNFSSyncWait 60 -adeBrokerAddress lxb17.cadcam.nus.edu.sg:35435 --statdbType h5 --virtuosoBinary virtuoso --guiDisplay 10.192.4.70:11.0 --globalStatus 60 --evaluateMultiMC yes --evalOnSimFail SkipFailedAnalyses --numRetriesOnError 1 --fenixMode explorer --lingertimeout 300 -ahdlLockTimeout 60 --sdbLib project --sdbCell tut3 --sdbView maestro --heartBeatFileDir /dev/shm --id 11 --uuid 0e87a397-0889-4671-81b3-8b576cf789ed --log /staff1/elehch/EE3408C_pdk180nm/logs_elehch/logs0/Job11.log "}
[2024-08-08 17:21:17.008 +0800] [PROCESS] [cadence.virtuoso.ade.simulationMonitor] - Started the simulation monitor process {"hostname": "lxb17.cadcam.nus.edu.sg", "processid": 352328, "logfile": "/staff1/elehch/EE3408C_pdk180nm/logs_elehch/logs0/Job11.log", "current directory": "/staff1/elehch/EE3408C_pdk180nm"}
[2024-08-08 17:21:17.008 +0800] [PROCESS] [cadence.virtuoso.ade.simulationMonitor] - Simulation Monitor has successfully started up. Trying to set up communication channels to other components ... {"hostname": "lxb17.cadcam.nus.edu.sg", "processid": 352328, "logfile": "/staff1/elehch/EE3408C_pdk180nm/logs_elehch/logs0/Job11.log"}
[2024-08-08 17:21:17.008 +0800] [PROCESS] [cadence.virtuoso.ade.simulationMonitor] - Communication channels have been successfully set up. Start processing events ... {"hostname": "lxb17.cadcam.nus.edu.sg", "processid": 352328, "logfile": "/staff1/elehch/EE3408C_pdk180nm/logs_elehch/logs0/Job11.log"}
[2024-08-08 17:21:17.008 +0800] [PROCESS] [cadence.virtuoso.ade.simulationMonitor] - Considering to start history {"hostname": "lxb17.cadcam.nus.edu.sg", "processid": 352328, "history": "ExplorerRun.0", "logfile": "/staff1/elehch/EE3408C_pdk180nm/logs_elehch/logs0/Job11.log"}
[2024-08-08 17:21:17.010 +0800] [PROCESS] [cadence.virtuoso.ade.simulationMonitor] - HostInfo:
Host name (type):	lxb17.cadcam.nus.edu.sg (x86_64)
Operating system:	Linux 4.18.0-553.8.1.el8_10.x86_64 #1 SMP Fri Jun 14 03:19:37 EDT 2024 {"hostname": "lxb17.cadcam.nus.edu.sg", "processid": 352328, "history": "ExplorerRun.0", "logfile": "/staff1/elehch/EE3408C_pdk180nm/logs_elehch/logs0/Job11.log", "nodename": "lxb17.cadcam.nus.edu.sg", "domainname": "cadcam1", "machine": "x86_64", "sysname": "Linux", "release": "4.18.0-553.8.1.el8_10.x86_64", "version": "#1 SMP Fri Jun 14 03:19:37 EDT 2024"}
[2024-08-08 17:21:17.010 +0800] [PROCESS] [cadence.virtuoso.ade.simulationMonitor] - UsageInfo:
pid=352328
totalPhysicalMemory=15.088840GB,Used=5.696613GB,totalVirtualMemory=47.088837GB,Used=5.696613GB
Cpu: Cores=4, Load average:0.300000,0.180000,0.230000 {"hostname": "lxb17.cadcam.nus.edu.sg", "processid": 352328, "history": "ExplorerRun.0", "logfile": "/staff1/elehch/EE3408C_pdk180nm/logs_elehch/logs0/Job11.log", "pid": "352328", "totalPhysicalMemory": "15.088840", "physicalMemoryUsed": "5.696613", "totalVirtualMemory": "47.088837", "virtualMemoryUsed": "5.696613", "cpuCores": "4", "processes": "499", "loadAverage1": "0.300000", "loadAverage5": "0.180000", "loadAverage15": "0.230000", "loadAverage1Percent": "0.075000"}
[2024-08-08 17:21:17.040 +0800] [EVENT] [cadence.virtuoso.ade.simulationMonitor] - NewPoint {"history": "ExplorerRun.0", "point": 1, "testname": "project_tut3_1", "cornername": "Nominal", "event": "NewPoint", "EventSource": "Simulation Monitor", "HistoryName": "ExplorerRun.0", "logFile": "/staff1/elehch/EE3408C_pdk180nm/logs_elehch/logs0/Job11.log", "logFileSize": "4073", "category": "simulation"}
[2024-08-08 17:21:17.142 +0800] [EVENT] [cadence.virtuoso.ade.simulationMonitor] - NewPoint {"history": "ExplorerRun.0", "point": 1, "testname": "project_tut3_1", "cornername": "Nominal", "event": "NewPoint", "EventSource": "spectre", "HistoryName": "ExplorerRun.0", "logFile": "/staff1/elehch/simulation/project/tut3/maestro/results/maestro/ExplorerRun.0/1/project_tut3_1/psf/spectre.out", "logFileSize": "-1", "category": "simulation"}
[2024-08-08 17:21:17.269 +0800] [PROCESS] [cadence.virtuoso.ade.simulationMonitor] - Simulator launched {"hostname": "lxb17.cadcam.nus.edu.sg", "processid": 352328, "history": "ExplorerRun.0", "testname": "project_tut3_1", "cornername": "Nominal", "point": 1, "logfile": "/staff1/elehch/EE3408C_pdk180nm/logs_elehch/logs0/Job11.log", "simid": "1", "event": "launch", "category": "simulation"}
[2024-08-08 17:21:17.278 +0800] [PROCESS] [cadence.virtuoso.ade.simulationMonitor] - Expression evaluator launched {"hostname": "lxb17.cadcam.nus.edu.sg", "processid": 352328, "history": "ExplorerRun.0", "testname": "project_tut3_1", "cornername": "Nominal", "point": 1, "logfile": "/staff1/elehch/EE3408C_pdk180nm/logs_elehch/logs0/Job11.log"}
[2024-08-08 17:21:17.329 +0800] [PROCESS] [cadence.virtuoso.ade.simulationMonitor] - Started Simulation {"hostname": "lxb17.cadcam.nus.edu.sg", "processid": 352328, "history": "ExplorerRun.0", "testname": "project_tut3_1", "cornername": "Nominal", "point": 1, "logfile": "/staff1/elehch/EE3408C_pdk180nm/logs_elehch/logs0/Job11.log", "event": "start", "category": "simulation"}
[2024-08-08 17:21:18.329 +0800] [INFO] [cadence.virtuoso.ade.simulationMonitor] - Peak resident memory used = 68.9 Mbytes. {"history": "ExplorerRun.0", "point": 1, "testname": "project_tut3_1", "cornername": "Nominal"}
[2024-08-08 17:21:18.330 +0800] [INFO] [cadence.virtuoso.ade.simulationMonitor] - Peak resident memory used = 74.7 Mbytes. {"history": "ExplorerRun.0", "point": 1, "testname": "project_tut3_1", "cornername": "Nominal"}
[2024-08-08 17:21:18.330 +0800] [INFO] [cadence.virtuoso.ade.simulationMonitor] - Peak resident memory used = 75.8 Mbytes. {"history": "ExplorerRun.0", "point": 1, "testname": "project_tut3_1", "cornername": "Nominal"}
[2024-08-08 17:21:18.330 +0800] [INFO] [cadence.virtuoso.ade.simulationMonitor] - Notice from spectre during initial setup.
    Multithreading is disabled due to the size of the design being too small. {"history": "ExplorerRun.0", "point": 1, "testname": "project_tut3_1", "cornername": "Nominal"}
[2024-08-08 17:21:18.447 +0800] [INFO] [cadence.virtuoso.ade.simulationMonitor] -               nodes 8 {"history": "ExplorerRun.0", "point": 1, "testname": "project_tut3_1", "cornername": "Nominal"}
[2024-08-08 17:21:18.447 +0800] [INFO] [cadence.virtuoso.ade.simulationMonitor] - Notice from spectre during initial setup.
    APS Enabled. {"history": "ExplorerRun.0", "point": 1, "testname": "project_tut3_1", "cornername": "Nominal"}
[2024-08-08 17:21:18.447 +0800] [INFO] [cadence.virtuoso.ade.simulationMonitor] - Peak resident memory used = 77.6 Mbytes. {"history": "ExplorerRun.0", "point": 1, "testname": "project_tut3_1", "cornername": "Nominal"}
[2024-08-08 17:21:18.448 +0800] [WARN] [cadence.virtuoso.ade.simulationMonitor] -     WARNING (SPECTRE-16707): Only tran supports psfxl format, result of other analyses will be in psfbin format. {"history": "ExplorerRun.0", "point": 1, "testname": "project_tut3_1", "cornername": "Nominal"}
[2024-08-08 17:21:18.448 +0800] [INFO] [cadence.virtuoso.ade.simulationMonitor] - Total time required for ac analysis `ac': CPU = 3.891 ms, elapsed = 37.5569 ms. {"history": "ExplorerRun.0", "point": 1, "testname": "project_tut3_1", "cornername": "Nominal"}
[2024-08-08 17:21:18.448 +0800] [INFO] [cadence.virtuoso.ade.simulationMonitor] - Peak resident memory used = 78.6 Mbytes. {"history": "ExplorerRun.0", "point": 1, "testname": "project_tut3_1", "cornername": "Nominal"}
[2024-08-08 17:21:18.986 +0800] [INFO] [cadence.virtuoso.ade.simulationMonitor] - Time used: CPU = 146 ms, elapsed = 1.06 s, util. = 13.7%. {"history": "ExplorerRun.0", "point": 1, "testname": "project_tut3_1", "cornername": "Nominal"}
[2024-08-08 17:21:18.986 +0800] [INFO] [cadence.virtuoso.ade.simulationMonitor] - Time spent in licensing: elapsed = 21.9 ms. {"history": "ExplorerRun.0", "point": 1, "testname": "project_tut3_1", "cornername": "Nominal"}
[2024-08-08 17:21:19.006 +0800] [INFO] [cadence.virtuoso.ade.simulationMonitor] - Peak memory used = 79.6 Mbytes. {"history": "ExplorerRun.0", "point": 1, "testname": "project_tut3_1", "cornername": "Nominal"}
[2024-08-08 17:21:19.065 +0800] [PROCESS] [cadence.virtuoso.ade.simulationMonitor] - Simulation started at: 5:21:17 PM, Thur Aug 8, 2024, ended at: 5:21:18 PM, Thur Aug 8, 2024, with elapsed time (wall clock): 1.06 s. {"history": "ExplorerRun.0", "point": 1, "testname": "project_tut3_1", "cornername": "Nominal"}
[2024-08-08 17:21:19.065 +0800] [PROCESS] [cadence.virtuoso.ade.simulationMonitor] - spectre completes with 0 errors, 1 warning, and 2 notices. {"history": "ExplorerRun.0", "point": 1, "testname": "project_tut3_1", "cornername": "Nominal"}
[2024-08-08 17:21:19.065 +0800] [PROCESS] [cadence.virtuoso.ade.simulationMonitor] - Finished simulating for one point {"hostname": "lxb17.cadcam.nus.edu.sg", "processid": 352328, "history": "ExplorerRun.0", "testname": "project_tut3_1", "cornername": "Nominal", "point": 1, "logfile": "/staff1/elehch/EE3408C_pdk180nm/logs_elehch/logs0/Job11.log", "simid": "1", "event": "finish", "category": "simulation"}
[2024-08-08 17:21:19.065 +0800] [PROCESS] [cadence.virtuoso.ade.simulationMonitor] - Simulator exited {"hostname": "lxb17.cadcam.nus.edu.sg", "processid": 352328, "history": "ExplorerRun.0", "testname": "project_tut3_1", "cornername": "Nominal", "point": 1, "logfile": "/staff1/elehch/EE3408C_pdk180nm/logs_elehch/logs0/Job11.log", "exitStatus": "0"}
[2024-08-08 17:21:19.066 +0800] [PROCESS] [cadence.virtuoso.ade.simulationMonitor] - Finished Simulation {"hostname": "lxb17.cadcam.nus.edu.sg", "processid": 352328, "history": "ExplorerRun.0", "testname": "project_tut3_1", "cornername": "Nominal", "point": 1, "logfile": "/staff1/elehch/EE3408C_pdk180nm/logs_elehch/logs0/Job11.log", "simid": "1", "event": "finish", "category": "obsolete"}
[2024-08-08 17:21:22.602 +0800] [PROCESS] [cadence.virtuoso.ade.simulationMonitor] - Point Finished {"hostname": "lxb17.cadcam.nus.edu.sg", "processid": 352328, "history": "ExplorerRun.0", "testname": "project_tut3_1", "cornername": "Nominal", "point": 1, "logfile": "/staff1/elehch/EE3408C_pdk180nm/logs_elehch/logs0/Job11.log", "event": "finish", "category": "sim-eval"}
[2024-08-08 17:21:23.604 +0800] [PROCESS] [cadence.virtuoso.ade.simulationMonitor] - Stay with the runId '29', Linger time '300', currentRunSyn '59', currentTestSyn '60' {"hostname": "lxb17.cadcam.nus.edu.sg", "processid": 352328, "history": "ExplorerRun.0", "testname": "project_tut3_1", "cornername": "Nominal", "point": 1, "logfile": "/staff1/elehch/EE3408C_pdk180nm/logs_elehch/logs0/Job11.log"}
[2024-08-08 17:26:23.457 +0800] [PROCESS] [cadence.virtuoso.ade.simulationMonitor] - Current memory used: 81.6758 MBytes, peak memory used: 81.6758 MBytes {"hostname": "lxb17.cadcam.nus.edu.sg", "processid": 352328, "history": "ExplorerRun.0", "testname": "project_tut3_1", "cornername": "Nominal", "point": 1, "logfile": "/staff1/elehch/EE3408C_pdk180nm/logs_elehch/logs0/Job11.log"}
[2024-08-08 17:26:23.457 +0800] [PROCESS] [cadence.virtuoso.ade.simulationMonitor] - Simulation Monitor process exits. {"hostname": "lxb17.cadcam.nus.edu.sg", "processid": 352328, "history": "ExplorerRun.0", "testname": "project_tut3_1", "cornername": "Nominal", "point": 1, "logfile": "/staff1/elehch/EE3408C_pdk180nm/logs_elehch/logs0/Job11.log"}
