[Simulation Monitor: 13]
[2024-08-08 17:34:42.009 +0800] [PROCESS] [cadence.virtuoso.ade.simulationMonitor] - Started the simulation monitor process {"hostname": "lxb17.cadcam.nus.edu.sg", "processid": 354318, "logfile": "/staff1/elehch/EE3408C_pdk180nm/logs_elehch/logs0/Job13.log", "simulation monitor command line": "/app11/cadence/IC23.1-ISR3/tools.lnx86/dfII/bin/64bit/spectreMonitor --davinciService DaVinciService_327324_1723095693 --axlsession fnxSession2 -lscs 000175E1894CBE06FF0966E38F1FFC06BC4D60E3EA73FC06DF2533FC80069F678B6336BEC54DD2378D7D66E08617CC3C927A48D3BE2EFC06BC4D00571E2E6D37DAF900001E27 -beanhost lxb17.cadcam.nus.edu.sg -beanport 11908 -beanLogFile /staff1/elehch/EE3408C_pdk180nm/logs_elehch/logs0/amps_Job13.log -beanbinlog  --domain 0 --interactive yes --netlistOpt no --useMultiPointEvaluation yes --exprEvalShowJobStderr yes --evalSimParallel no --maxSims 0 --historyName ExplorerRun.0 --historyUUID  --exprEvaluator vds --mcMapping mc1.mapping --checkLogStatusInterval 0 --exprEvalMaxTries 3 --maxNFSSyncWait 60 -adeBrokerAddress lxb17.cadcam.nus.edu.sg:35435 --statdbType h5 --virtuosoBinary virtuoso --guiDisplay 10.192.4.70:11.0 --globalStatus 60 --evaluateMultiMC yes --evalOnSimFail SkipFailedAnalyses --numRetriesOnError 1 --fenixMode explorer --lingertimeout 300 -ahdlLockTimeout 60 --sdbLib project --sdbCell tut3 --sdbView maestro --heartBeatFileDir /dev/shm --id 13 --uuid 007a954c-6d23-49a9-ba0a-213b8ee00a53 --log /staff1/elehch/EE3408C_pdk180nm/logs_elehch/logs0/Job13.log "}
[2024-08-08 17:34:42.010 +0800] [PROCESS] [cadence.virtuoso.ade.simulationMonitor] - Started the simulation monitor process {"hostname": "lxb17.cadcam.nus.edu.sg", "processid": 354318, "logfile": "/staff1/elehch/EE3408C_pdk180nm/logs_elehch/logs0/Job13.log", "current directory": "/staff1/elehch/EE3408C_pdk180nm"}
[2024-08-08 17:34:42.010 +0800] [PROCESS] [cadence.virtuoso.ade.simulationMonitor] - Simulation Monitor has successfully started up. Trying to set up communication channels to other components ... {"hostname": "lxb17.cadcam.nus.edu.sg", "processid": 354318, "logfile": "/staff1/elehch/EE3408C_pdk180nm/logs_elehch/logs0/Job13.log"}
[2024-08-08 17:34:42.010 +0800] [PROCESS] [cadence.virtuoso.ade.simulationMonitor] - Communication channels have been successfully set up. Start processing events ... {"hostname": "lxb17.cadcam.nus.edu.sg", "processid": 354318, "logfile": "/staff1/elehch/EE3408C_pdk180nm/logs_elehch/logs0/Job13.log"}
[2024-08-08 17:34:42.010 +0800] [PROCESS] [cadence.virtuoso.ade.simulationMonitor] - Considering to start history {"hostname": "lxb17.cadcam.nus.edu.sg", "processid": 354318, "history": "ExplorerRun.0", "logfile": "/staff1/elehch/EE3408C_pdk180nm/logs_elehch/logs0/Job13.log"}
[2024-08-08 17:34:42.012 +0800] [PROCESS] [cadence.virtuoso.ade.simulationMonitor] - HostInfo:
Host name (type):	lxb17.cadcam.nus.edu.sg (x86_64)
Operating system:	Linux 4.18.0-553.8.1.el8_10.x86_64 #1 SMP Fri Jun 14 03:19:37 EDT 2024 {"hostname": "lxb17.cadcam.nus.edu.sg", "processid": 354318, "history": "ExplorerRun.0", "logfile": "/staff1/elehch/EE3408C_pdk180nm/logs_elehch/logs0/Job13.log", "nodename": "lxb17.cadcam.nus.edu.sg", "domainname": "cadcam1", "machine": "x86_64", "sysname": "Linux", "release": "4.18.0-553.8.1.el8_10.x86_64", "version": "#1 SMP Fri Jun 14 03:19:37 EDT 2024"}
[2024-08-08 17:34:42.012 +0800] [PROCESS] [cadence.virtuoso.ade.simulationMonitor] - UsageInfo:
pid=354318
totalPhysicalMemory=15.088840GB,Used=5.711399GB,totalVirtualMemory=47.088837GB,Used=5.711399GB
Cpu: Cores=4, Load average:0.300000,0.130000,0.150000 {"hostname": "lxb17.cadcam.nus.edu.sg", "processid": 354318, "history": "ExplorerRun.0", "logfile": "/staff1/elehch/EE3408C_pdk180nm/logs_elehch/logs0/Job13.log", "pid": "354318", "totalPhysicalMemory": "15.088840", "physicalMemoryUsed": "5.711399", "totalVirtualMemory": "47.088837", "virtualMemoryUsed": "5.711399", "cpuCores": "4", "processes": "499", "loadAverage1": "0.300000", "loadAverage5": "0.130000", "loadAverage15": "0.150000", "loadAverage1Percent": "0.075000"}
[2024-08-08 17:34:42.047 +0800] [EVENT] [cadence.virtuoso.ade.simulationMonitor] - NewPoint {"history": "ExplorerRun.0", "point": 1, "testname": "project_tut3_1", "cornername": "Nominal", "event": "NewPoint", "EventSource": "Simulation Monitor", "HistoryName": "ExplorerRun.0", "logFile": "/staff1/elehch/EE3408C_pdk180nm/logs_elehch/logs0/Job13.log", "logFileSize": "4073", "category": "simulation"}
[2024-08-08 17:34:42.149 +0800] [EVENT] [cadence.virtuoso.ade.simulationMonitor] - NewPoint {"history": "ExplorerRun.0", "point": 1, "testname": "project_tut3_1", "cornername": "Nominal", "event": "NewPoint", "EventSource": "spectre", "HistoryName": "ExplorerRun.0", "logFile": "/staff1/elehch/simulation/project/tut3/maestro/results/maestro/ExplorerRun.0/1/project_tut3_1/psf/spectre.out", "logFileSize": "-1", "category": "simulation"}
[2024-08-08 17:34:42.287 +0800] [PROCESS] [cadence.virtuoso.ade.simulationMonitor] - Simulator launched {"hostname": "lxb17.cadcam.nus.edu.sg", "processid": 354318, "history": "ExplorerRun.0", "testname": "project_tut3_1", "cornername": "Nominal", "point": 1, "logfile": "/staff1/elehch/EE3408C_pdk180nm/logs_elehch/logs0/Job13.log", "simid": "1", "event": "launch", "category": "simulation"}
[2024-08-08 17:34:42.301 +0800] [PROCESS] [cadence.virtuoso.ade.simulationMonitor] - Expression evaluator launched {"hostname": "lxb17.cadcam.nus.edu.sg", "processid": 354318, "history": "ExplorerRun.0", "testname": "project_tut3_1", "cornername": "Nominal", "point": 1, "logfile": "/staff1/elehch/EE3408C_pdk180nm/logs_elehch/logs0/Job13.log"}
[2024-08-08 17:34:42.355 +0800] [PROCESS] [cadence.virtuoso.ade.simulationMonitor] - Started Simulation {"hostname": "lxb17.cadcam.nus.edu.sg", "processid": 354318, "history": "ExplorerRun.0", "testname": "project_tut3_1", "cornername": "Nominal", "point": 1, "logfile": "/staff1/elehch/EE3408C_pdk180nm/logs_elehch/logs0/Job13.log", "event": "start", "category": "simulation"}
[2024-08-08 17:34:43.355 +0800] [INFO] [cadence.virtuoso.ade.simulationMonitor] - Peak resident memory used = 68.6 Mbytes. {"history": "ExplorerRun.0", "point": 1, "testname": "project_tut3_1", "cornername": "Nominal"}
[2024-08-08 17:34:43.355 +0800] [INFO] [cadence.virtuoso.ade.simulationMonitor] - Peak resident memory used = 74.5 Mbytes. {"history": "ExplorerRun.0", "point": 1, "testname": "project_tut3_1", "cornername": "Nominal"}
[2024-08-08 17:34:43.356 +0800] [INFO] [cadence.virtuoso.ade.simulationMonitor] - Peak resident memory used = 75.5 Mbytes. {"history": "ExplorerRun.0", "point": 1, "testname": "project_tut3_1", "cornername": "Nominal"}
[2024-08-08 17:34:43.356 +0800] [INFO] [cadence.virtuoso.ade.simulationMonitor] - Notice from spectre during initial setup.
    Multithreading is disabled due to the size of the design being too small. {"history": "ExplorerRun.0", "point": 1, "testname": "project_tut3_1", "cornername": "Nominal"}
[2024-08-08 17:34:43.487 +0800] [INFO] [cadence.virtuoso.ade.simulationMonitor] -               nodes 8 {"history": "ExplorerRun.0", "point": 1, "testname": "project_tut3_1", "cornername": "Nominal"}
[2024-08-08 17:34:43.487 +0800] [INFO] [cadence.virtuoso.ade.simulationMonitor] - Notice from spectre during initial setup.
    APS Enabled. {"history": "ExplorerRun.0", "point": 1, "testname": "project_tut3_1", "cornername": "Nominal"}
[2024-08-08 17:34:43.487 +0800] [INFO] [cadence.virtuoso.ade.simulationMonitor] - Peak resident memory used = 77.3 Mbytes. {"history": "ExplorerRun.0", "point": 1, "testname": "project_tut3_1", "cornername": "Nominal"}
[2024-08-08 17:34:43.487 +0800] [WARN] [cadence.virtuoso.ade.simulationMonitor] -     WARNING (SPECTRE-16707): Only tran supports psfxl format, result of other analyses will be in psfbin format. {"history": "ExplorerRun.0", "point": 1, "testname": "project_tut3_1", "cornername": "Nominal"}
[2024-08-08 17:34:43.487 +0800] [INFO] [cadence.virtuoso.ade.simulationMonitor] - Total time required for dc analysis `dc': CPU = 11.6 ms, elapsed = 69.428 ms. {"history": "ExplorerRun.0", "point": 1, "testname": "project_tut3_1", "cornername": "Nominal"}
[2024-08-08 17:34:43.487 +0800] [INFO] [cadence.virtuoso.ade.simulationMonitor] - Peak resident memory used = 78.4 Mbytes. {"history": "ExplorerRun.0", "point": 1, "testname": "project_tut3_1", "cornername": "Nominal"}
[2024-08-08 17:34:44.026 +0800] [INFO] [cadence.virtuoso.ade.simulationMonitor] - Time used: CPU = 149 ms, elapsed = 1.06 s, util. = 14.1%. {"history": "ExplorerRun.0", "point": 1, "testname": "project_tut3_1", "cornername": "Nominal"}
[2024-08-08 17:34:44.027 +0800] [INFO] [cadence.virtuoso.ade.simulationMonitor] - Time spent in licensing: elapsed = 19.2 ms. {"history": "ExplorerRun.0", "point": 1, "testname": "project_tut3_1", "cornername": "Nominal"}
[2024-08-08 17:34:44.048 +0800] [INFO] [cadence.virtuoso.ade.simulationMonitor] - Peak memory used = 79.5 Mbytes. {"history": "ExplorerRun.0", "point": 1, "testname": "project_tut3_1", "cornername": "Nominal"}
[2024-08-08 17:34:44.098 +0800] [PROCESS] [cadence.virtuoso.ade.simulationMonitor] - Simulation started at: 5:34:42 PM, Thur Aug 8, 2024, ended at: 5:34:43 PM, Thur Aug 8, 2024, with elapsed time (wall clock): 1.06 s. {"history": "ExplorerRun.0", "point": 1, "testname": "project_tut3_1", "cornername": "Nominal"}
[2024-08-08 17:34:44.098 +0800] [PROCESS] [cadence.virtuoso.ade.simulationMonitor] - spectre completes with 0 errors, 1 warning, and 2 notices. {"history": "ExplorerRun.0", "point": 1, "testname": "project_tut3_1", "cornername": "Nominal"}
[2024-08-08 17:34:44.098 +0800] [PROCESS] [cadence.virtuoso.ade.simulationMonitor] - Finished simulating for one point {"hostname": "lxb17.cadcam.nus.edu.sg", "processid": 354318, "history": "ExplorerRun.0", "testname": "project_tut3_1", "cornername": "Nominal", "point": 1, "logfile": "/staff1/elehch/EE3408C_pdk180nm/logs_elehch/logs0/Job13.log", "simid": "1", "event": "finish", "category": "simulation"}
[2024-08-08 17:34:44.098 +0800] [PROCESS] [cadence.virtuoso.ade.simulationMonitor] - Simulator exited {"hostname": "lxb17.cadcam.nus.edu.sg", "processid": 354318, "history": "ExplorerRun.0", "testname": "project_tut3_1", "cornername": "Nominal", "point": 1, "logfile": "/staff1/elehch/EE3408C_pdk180nm/logs_elehch/logs0/Job13.log", "exitStatus": "0"}
[2024-08-08 17:34:44.098 +0800] [PROCESS] [cadence.virtuoso.ade.simulationMonitor] - Finished Simulation {"hostname": "lxb17.cadcam.nus.edu.sg", "processid": 354318, "history": "ExplorerRun.0", "testname": "project_tut3_1", "cornername": "Nominal", "point": 1, "logfile": "/staff1/elehch/EE3408C_pdk180nm/logs_elehch/logs0/Job13.log", "simid": "1", "event": "finish", "category": "obsolete"}
[2024-08-08 17:34:47.624 +0800] [PROCESS] [cadence.virtuoso.ade.simulationMonitor] - Point Finished {"hostname": "lxb17.cadcam.nus.edu.sg", "processid": 354318, "history": "ExplorerRun.0", "testname": "project_tut3_1", "cornername": "Nominal", "point": 1, "logfile": "/staff1/elehch/EE3408C_pdk180nm/logs_elehch/logs0/Job13.log", "event": "finish", "category": "sim-eval"}
[2024-08-08 17:34:48.625 +0800] [PROCESS] [cadence.virtuoso.ade.simulationMonitor] - Stay with the runId '31', Linger time '300', currentRunSyn '63', currentTestSyn '64' {"hostname": "lxb17.cadcam.nus.edu.sg", "processid": 354318, "history": "ExplorerRun.0", "testname": "project_tut3_1", "cornername": "Nominal", "point": 1, "logfile": "/staff1/elehch/EE3408C_pdk180nm/logs_elehch/logs0/Job13.log"}
[2024-08-08 17:36:25.374 +0800] [INFO] [cadence.virtuoso.ade.simulationMonitor] - SimulationMonitor has terminated the vds process '354359', reason: 'Force to stop the expression evalutor process because of new run' {"history": "ExplorerRun.0", "point": 1, "testname": "project_tut3_1", "cornername": "Nominal"}
[2024-08-08 17:36:25.416 +0800] [PROCESS] [cadence.virtuoso.ade.simulationMonitor] - HostInfo:
Host name (type):	lxb17.cadcam.nus.edu.sg (x86_64)
Operating system:	Linux 4.18.0-553.8.1.el8_10.x86_64 #1 SMP Fri Jun 14 03:19:37 EDT 2024 {"hostname": "lxb17.cadcam.nus.edu.sg", "processid": 354318, "history": "ExplorerRun.0", "testname": "project_tut3_1", "cornername": "Nominal", "point": 1, "logfile": "/staff1/elehch/EE3408C_pdk180nm/logs_elehch/logs0/Job13.log", "nodename": "lxb17.cadcam.nus.edu.sg", "domainname": "cadcam1", "machine": "x86_64", "sysname": "Linux", "release": "4.18.0-553.8.1.el8_10.x86_64", "version": "#1 SMP Fri Jun 14 03:19:37 EDT 2024"}
[2024-08-08 17:36:25.417 +0800] [PROCESS] [cadence.virtuoso.ade.simulationMonitor] - UsageInfo:
pid=354318
totalPhysicalMemory=15.088840GB,Used=5.715359GB,totalVirtualMemory=47.088837GB,Used=5.715359GB
Cpu: Cores=4, Load average:0.310000,0.160000,0.160000 {"hostname": "lxb17.cadcam.nus.edu.sg", "processid": 354318, "history": "ExplorerRun.0", "testname": "project_tut3_1", "cornername": "Nominal", "point": 1, "logfile": "/staff1/elehch/EE3408C_pdk180nm/logs_elehch/logs0/Job13.log", "pid": "354318", "totalPhysicalMemory": "15.088840", "physicalMemoryUsed": "5.715359", "totalVirtualMemory": "47.088837", "virtualMemoryUsed": "5.715359", "cpuCores": "4", "processes": "498", "loadAverage1": "0.310000", "loadAverage5": "0.160000", "loadAverage15": "0.160000", "loadAverage1Percent": "0.077500"}
[2024-08-08 17:36:25.462 +0800] [EVENT] [cadence.virtuoso.ade.simulationMonitor] - NewPoint {"history": "ExplorerRun.0", "point": 1, "testname": "project_tut3_1", "cornername": "Nominal", "event": "NewPoint", "EventSource": "Simulation Monitor", "HistoryName": "ExplorerRun.0", "logFile": "/staff1/elehch/EE3408C_pdk180nm/logs_elehch/logs0/Job13.log", "logFileSize": "13324", "category": "simulation"}
[2024-08-08 17:36:25.564 +0800] [EVENT] [cadence.virtuoso.ade.simulationMonitor] - NewPoint {"history": "ExplorerRun.0", "point": 1, "testname": "project_tut3_1", "cornername": "Nominal", "event": "NewPoint", "EventSource": "spectre", "HistoryName": "ExplorerRun.0", "logFile": "/staff1/elehch/simulation/project/tut3/maestro/results/maestro/ExplorerRun.0/1/project_tut3_1/psf/spectre.out", "logFileSize": "-1", "category": "simulation"}
[2024-08-08 17:36:25.707 +0800] [PROCESS] [cadence.virtuoso.ade.simulationMonitor] - Simulator launched {"hostname": "lxb17.cadcam.nus.edu.sg", "processid": 354318, "history": "ExplorerRun.0", "testname": "project_tut3_1", "cornername": "Nominal", "point": 1, "logfile": "/staff1/elehch/EE3408C_pdk180nm/logs_elehch/logs0/Job13.log", "simid": "2", "event": "launch", "category": "simulation"}
[2024-08-08 17:36:25.721 +0800] [PROCESS] [cadence.virtuoso.ade.simulationMonitor] - Expression evaluator launched {"hostname": "lxb17.cadcam.nus.edu.sg", "processid": 354318, "history": "ExplorerRun.0", "testname": "project_tut3_1", "cornername": "Nominal", "point": 1, "logfile": "/staff1/elehch/EE3408C_pdk180nm/logs_elehch/logs0/Job13.log"}
[2024-08-08 17:36:25.771 +0800] [PROCESS] [cadence.virtuoso.ade.simulationMonitor] - Started Simulation {"hostname": "lxb17.cadcam.nus.edu.sg", "processid": 354318, "history": "ExplorerRun.0", "testname": "project_tut3_1", "cornername": "Nominal", "point": 1, "logfile": "/staff1/elehch/EE3408C_pdk180nm/logs_elehch/logs0/Job13.log", "event": "start", "category": "simulation"}
[2024-08-08 17:36:26.771 +0800] [INFO] [cadence.virtuoso.ade.simulationMonitor] - Peak resident memory used = 68.4 Mbytes. {"history": "ExplorerRun.0", "point": 1, "testname": "project_tut3_1", "cornername": "Nominal"}
[2024-08-08 17:36:26.771 +0800] [INFO] [cadence.virtuoso.ade.simulationMonitor] - Peak resident memory used = 74.3 Mbytes. {"history": "ExplorerRun.0", "point": 1, "testname": "project_tut3_1", "cornername": "Nominal"}
[2024-08-08 17:36:26.771 +0800] [INFO] [cadence.virtuoso.ade.simulationMonitor] - Peak resident memory used = 75.3 Mbytes. {"history": "ExplorerRun.0", "point": 1, "testname": "project_tut3_1", "cornername": "Nominal"}
[2024-08-08 17:36:26.772 +0800] [INFO] [cadence.virtuoso.ade.simulationMonitor] - Notice from spectre during initial setup.
    Multithreading is disabled due to the size of the design being too small. {"history": "ExplorerRun.0", "point": 1, "testname": "project_tut3_1", "cornername": "Nominal"}
[2024-08-08 17:36:26.909 +0800] [INFO] [cadence.virtuoso.ade.simulationMonitor] -               nodes 8 {"history": "ExplorerRun.0", "point": 1, "testname": "project_tut3_1", "cornername": "Nominal"}
[2024-08-08 17:36:26.909 +0800] [INFO] [cadence.virtuoso.ade.simulationMonitor] - Notice from spectre during initial setup.
    APS Enabled. {"history": "ExplorerRun.0", "point": 1, "testname": "project_tut3_1", "cornername": "Nominal"}
[2024-08-08 17:36:26.909 +0800] [INFO] [cadence.virtuoso.ade.simulationMonitor] - Peak resident memory used = 77.1 Mbytes. {"history": "ExplorerRun.0", "point": 1, "testname": "project_tut3_1", "cornername": "Nominal"}
[2024-08-08 17:36:26.909 +0800] [WARN] [cadence.virtuoso.ade.simulationMonitor] -     WARNING (SPECTRE-16707): Only tran supports psfxl format, result of other analyses will be in psfbin format. {"history": "ExplorerRun.0", "point": 1, "testname": "project_tut3_1", "cornername": "Nominal"}
[2024-08-08 17:36:26.909 +0800] [INFO] [cadence.virtuoso.ade.simulationMonitor] - Total time required for dc analysis `dc': CPU = 11.72 ms, elapsed = 105.35 ms. {"history": "ExplorerRun.0", "point": 1, "testname": "project_tut3_1", "cornername": "Nominal"}
[2024-08-08 17:36:26.909 +0800] [INFO] [cadence.virtuoso.ade.simulationMonitor] - Peak resident memory used = 78.2 Mbytes. {"history": "ExplorerRun.0", "point": 1, "testname": "project_tut3_1", "cornername": "Nominal"}
[2024-08-08 17:36:27.439 +0800] [INFO] [cadence.virtuoso.ade.simulationMonitor] - Time used: CPU = 154 ms, elapsed = 1.11 s, util. = 13.8%. {"history": "ExplorerRun.0", "point": 1, "testname": "project_tut3_1", "cornername": "Nominal"}
[2024-08-08 17:36:27.439 +0800] [INFO] [cadence.virtuoso.ade.simulationMonitor] - Time spent in licensing: elapsed = 18.2 ms. {"history": "ExplorerRun.0", "point": 1, "testname": "project_tut3_1", "cornername": "Nominal"}
[2024-08-08 17:36:27.461 +0800] [INFO] [cadence.virtuoso.ade.simulationMonitor] - Peak memory used = 79.3 Mbytes. {"history": "ExplorerRun.0", "point": 1, "testname": "project_tut3_1", "cornername": "Nominal"}
[2024-08-08 17:36:27.528 +0800] [PROCESS] [cadence.virtuoso.ade.simulationMonitor] - Simulation started at: 5:36:25 PM, Thur Aug 8, 2024, ended at: 5:36:27 PM, Thur Aug 8, 2024, with elapsed time (wall clock): 1.11 s. {"history": "ExplorerRun.0", "point": 1, "testname": "project_tut3_1", "cornername": "Nominal"}
[2024-08-08 17:36:27.528 +0800] [PROCESS] [cadence.virtuoso.ade.simulationMonitor] - spectre completes with 0 errors, 1 warning, and 2 notices. {"history": "ExplorerRun.0", "point": 1, "testname": "project_tut3_1", "cornername": "Nominal"}
[2024-08-08 17:36:27.528 +0800] [PROCESS] [cadence.virtuoso.ade.simulationMonitor] - Finished simulating for one point {"hostname": "lxb17.cadcam.nus.edu.sg", "processid": 354318, "history": "ExplorerRun.0", "testname": "project_tut3_1", "cornername": "Nominal", "point": 1, "logfile": "/staff1/elehch/EE3408C_pdk180nm/logs_elehch/logs0/Job13.log", "simid": "2", "event": "finish", "category": "simulation"}
[2024-08-08 17:36:27.528 +0800] [PROCESS] [cadence.virtuoso.ade.simulationMonitor] - Simulator exited {"hostname": "lxb17.cadcam.nus.edu.sg", "processid": 354318, "history": "ExplorerRun.0", "testname": "project_tut3_1", "cornername": "Nominal", "point": 1, "logfile": "/staff1/elehch/EE3408C_pdk180nm/logs_elehch/logs0/Job13.log", "exitStatus": "0"}
[2024-08-08 17:36:27.528 +0800] [PROCESS] [cadence.virtuoso.ade.simulationMonitor] - Finished Simulation {"hostname": "lxb17.cadcam.nus.edu.sg", "processid": 354318, "history": "ExplorerRun.0", "testname": "project_tut3_1", "cornername": "Nominal", "point": 1, "logfile": "/staff1/elehch/EE3408C_pdk180nm/logs_elehch/logs0/Job13.log", "simid": "2", "event": "finish", "category": "obsolete"}
[2024-08-08 17:36:31.063 +0800] [PROCESS] [cadence.virtuoso.ade.simulationMonitor] - Point Finished {"hostname": "lxb17.cadcam.nus.edu.sg", "processid": 354318, "history": "ExplorerRun.0", "testname": "project_tut3_1", "cornername": "Nominal", "point": 1, "logfile": "/staff1/elehch/EE3408C_pdk180nm/logs_elehch/logs0/Job13.log", "event": "finish", "category": "sim-eval"}
[2024-08-08 17:36:32.064 +0800] [PROCESS] [cadence.virtuoso.ade.simulationMonitor] - Stay with the runId '32', Linger time '300', currentRunSyn '65', currentTestSyn '66' {"hostname": "lxb17.cadcam.nus.edu.sg", "processid": 354318, "history": "ExplorerRun.0", "testname": "project_tut3_1", "cornername": "Nominal", "point": 1, "logfile": "/staff1/elehch/EE3408C_pdk180nm/logs_elehch/logs0/Job13.log"}
[2024-08-08 17:36:33.065 +0800] [PROCESS] [cadence.virtuoso.ade.simulationMonitor] - Stay with the runId '32', Linger time '300', currentRunSyn '65', currentTestSyn '66' {"hostname": "lxb17.cadcam.nus.edu.sg", "processid": 354318, "history": "ExplorerRun.0", "testname": "project_tut3_1", "cornername": "Nominal", "point": 1, "logfile": "/staff1/elehch/EE3408C_pdk180nm/logs_elehch/logs0/Job13.log"}
[2024-08-08 17:41:32.151 +0800] [PROCESS] [cadence.virtuoso.ade.simulationMonitor] - Current memory used: 81.4453 MBytes, peak memory used: 81.4453 MBytes {"hostname": "lxb17.cadcam.nus.edu.sg", "processid": 354318, "history": "ExplorerRun.0", "testname": "project_tut3_1", "cornername": "Nominal", "point": 1, "logfile": "/staff1/elehch/EE3408C_pdk180nm/logs_elehch/logs0/Job13.log"}
[2024-08-08 17:41:32.151 +0800] [PROCESS] [cadence.virtuoso.ade.simulationMonitor] - Simulation Monitor process exits. {"hostname": "lxb17.cadcam.nus.edu.sg", "processid": 354318, "history": "ExplorerRun.0", "testname": "project_tut3_1", "cornername": "Nominal", "point": 1, "logfile": "/staff1/elehch/EE3408C_pdk180nm/logs_elehch/logs0/Job13.log"}
