[Simulation Monitor: 2]
[2024-08-08 13:47:49.649 +0800] [PROCESS] [cadence.virtuoso.ade.simulationMonitor] - Started the simulation monitor process {"hostname": "lxb17.cadcam.nus.edu.sg", "processid": 329730, "logfile": "/staff1/elehch/EE3408C_pdk180nm/logs_elehch/logs0/Job2.log", "simulation monitor command line": "/app11/cadence/IC23.1-ISR3/tools.lnx86/dfII/bin/64bit/spectreMonitor --davinciService DaVinciService_327324_1723095693 --axlsession fnxSession0 -lscs 000175E1894CBE06FF0966E38F1FFC06BC4D60E3EA73FC06DF2533FC80069F678B6336BEC54DD2378D7D66E08617CC3C927A48D3BE2EFC06BC4D0057D31AA003DAF900001E13 -beanhost lxb17.cadcam.nus.edu.sg -beanport 11908 -beanLogFile /staff1/elehch/EE3408C_pdk180nm/logs_elehch/logs0/amps_Job2.log -beanbinlog  --domain 0 --interactive yes --netlistOpt no --useMultiPointEvaluation yes --exprEvalShowJobStderr yes --evalSimParallel no --maxSims 0 --historyName ExplorerRun.0 --historyUUID  --exprEvaluator vds --mcMapping mc1.mapping --checkLogStatusInterval 0 --exprEvalMaxTries 3 --maxNFSSyncWait 60 -adeBrokerAddress lxb17.cadcam.nus.edu.sg:35435 --statdbType h5 --virtuosoBinary virtuoso --guiDisplay 10.192.4.70:11.0 --globalStatus 60 --evaluateMultiMC yes --evalOnSimFail SkipFailedAnalyses --numRetriesOnError 1 --fenixMode explorer --lingertimeout 300 -ahdlLockTimeout 60 --sdbLib project --sdbCell SSA --sdbView maestro --heartBeatFileDir /dev/shm --id 2 --uuid 9f0ce6ea-b536-4e26-894c-c72df800214e --log /staff1/elehch/EE3408C_pdk180nm/logs_elehch/logs0/Job2.log "}
[2024-08-08 13:47:49.649 +0800] [PROCESS] [cadence.virtuoso.ade.simulationMonitor] - Started the simulation monitor process {"hostname": "lxb17.cadcam.nus.edu.sg", "processid": 329730, "logfile": "/staff1/elehch/EE3408C_pdk180nm/logs_elehch/logs0/Job2.log", "current directory": "/staff1/elehch/EE3408C_pdk180nm"}
[2024-08-08 13:47:49.649 +0800] [PROCESS] [cadence.virtuoso.ade.simulationMonitor] - Simulation Monitor has successfully started up. Trying to set up communication channels to other components ... {"hostname": "lxb17.cadcam.nus.edu.sg", "processid": 329730, "logfile": "/staff1/elehch/EE3408C_pdk180nm/logs_elehch/logs0/Job2.log"}
[2024-08-08 13:47:49.650 +0800] [PROCESS] [cadence.virtuoso.ade.simulationMonitor] - Communication channels have been successfully set up. Start processing events ... {"hostname": "lxb17.cadcam.nus.edu.sg", "processid": 329730, "logfile": "/staff1/elehch/EE3408C_pdk180nm/logs_elehch/logs0/Job2.log"}
[2024-08-08 13:47:49.650 +0800] [PROCESS] [cadence.virtuoso.ade.simulationMonitor] - Considering to start history {"hostname": "lxb17.cadcam.nus.edu.sg", "processid": 329730, "history": "ExplorerRun.0", "logfile": "/staff1/elehch/EE3408C_pdk180nm/logs_elehch/logs0/Job2.log"}
[2024-08-08 13:47:49.652 +0800] [PROCESS] [cadence.virtuoso.ade.simulationMonitor] - HostInfo:
Host name (type):	lxb17.cadcam.nus.edu.sg (x86_64)
Operating system:	Linux 4.18.0-553.8.1.el8_10.x86_64 #1 SMP Fri Jun 14 03:19:37 EDT 2024 {"hostname": "lxb17.cadcam.nus.edu.sg", "processid": 329730, "history": "ExplorerRun.0", "logfile": "/staff1/elehch/EE3408C_pdk180nm/logs_elehch/logs0/Job2.log", "nodename": "lxb17.cadcam.nus.edu.sg", "domainname": "cadcam1", "machine": "x86_64", "sysname": "Linux", "release": "4.18.0-553.8.1.el8_10.x86_64", "version": "#1 SMP Fri Jun 14 03:19:37 EDT 2024"}
[2024-08-08 13:47:49.652 +0800] [PROCESS] [cadence.virtuoso.ade.simulationMonitor] - UsageInfo:
pid=329730
totalPhysicalMemory=15.088840GB,Used=5.524441GB,totalVirtualMemory=47.088837GB,Used=5.524441GB
Cpu: Cores=4, Load average:0.220000,0.060000,0.020000 {"hostname": "lxb17.cadcam.nus.edu.sg", "processid": 329730, "history": "ExplorerRun.0", "logfile": "/staff1/elehch/EE3408C_pdk180nm/logs_elehch/logs0/Job2.log", "pid": "329730", "totalPhysicalMemory": "15.088840", "physicalMemoryUsed": "5.524441", "totalVirtualMemory": "47.088837", "virtualMemoryUsed": "5.524441", "cpuCores": "4", "processes": "501", "loadAverage1": "0.220000", "loadAverage5": "0.060000", "loadAverage15": "0.020000", "loadAverage1Percent": "0.055000"}
[2024-08-08 13:47:49.681 +0800] [EVENT] [cadence.virtuoso.ade.simulationMonitor] - NewPoint {"history": "ExplorerRun.0", "point": 1, "testname": "project_SSA_1", "cornername": "Nominal", "event": "NewPoint", "EventSource": "Simulation Monitor", "HistoryName": "ExplorerRun.0", "logFile": "/staff1/elehch/EE3408C_pdk180nm/logs_elehch/logs0/Job2.log", "logFileSize": "4061", "category": "simulation"}
[2024-08-08 13:47:49.784 +0800] [EVENT] [cadence.virtuoso.ade.simulationMonitor] - NewPoint {"history": "ExplorerRun.0", "point": 1, "testname": "project_SSA_1", "cornername": "Nominal", "event": "NewPoint", "EventSource": "spectre", "HistoryName": "ExplorerRun.0", "logFile": "/staff1/elehch/simulation/project/SSA/maestro/results/maestro/ExplorerRun.0/1/project_SSA_1/psf/spectre.out", "logFileSize": "-1", "category": "simulation"}
[2024-08-08 13:47:49.994 +0800] [PROCESS] [cadence.virtuoso.ade.simulationMonitor] - Simulator launched {"hostname": "lxb17.cadcam.nus.edu.sg", "processid": 329730, "history": "ExplorerRun.0", "testname": "project_SSA_1", "cornername": "Nominal", "point": 1, "logfile": "/staff1/elehch/EE3408C_pdk180nm/logs_elehch/logs0/Job2.log", "simid": "1", "event": "launch", "category": "simulation"}
[2024-08-08 13:47:50.008 +0800] [PROCESS] [cadence.virtuoso.ade.simulationMonitor] - Expression evaluator launched {"hostname": "lxb17.cadcam.nus.edu.sg", "processid": 329730, "history": "ExplorerRun.0", "testname": "project_SSA_1", "cornername": "Nominal", "point": 1, "logfile": "/staff1/elehch/EE3408C_pdk180nm/logs_elehch/logs0/Job2.log"}
[2024-08-08 13:47:50.109 +0800] [PROCESS] [cadence.virtuoso.ade.simulationMonitor] - Started Simulation {"hostname": "lxb17.cadcam.nus.edu.sg", "processid": 329730, "history": "ExplorerRun.0", "testname": "project_SSA_1", "cornername": "Nominal", "point": 1, "logfile": "/staff1/elehch/EE3408C_pdk180nm/logs_elehch/logs0/Job2.log", "event": "start", "category": "simulation"}
[2024-08-08 13:47:51.609 +0800] [INFO] [cadence.virtuoso.ade.simulationMonitor] - Peak resident memory used = 68.6 Mbytes. {"history": "ExplorerRun.0", "point": 1, "testname": "project_SSA_1", "cornername": "Nominal"}
[2024-08-08 13:47:51.609 +0800] [INFO] [cadence.virtuoso.ade.simulationMonitor] - Peak resident memory used = 74.5 Mbytes. {"history": "ExplorerRun.0", "point": 1, "testname": "project_SSA_1", "cornername": "Nominal"}
[2024-08-08 13:47:51.609 +0800] [INFO] [cadence.virtuoso.ade.simulationMonitor] - Peak resident memory used = 75.9 Mbytes. {"history": "ExplorerRun.0", "point": 1, "testname": "project_SSA_1", "cornername": "Nominal"}
[2024-08-08 13:47:51.609 +0800] [INFO] [cadence.virtuoso.ade.simulationMonitor] - Notice from spectre during initial setup.
    Multithreading is disabled due to the size of the design being too small. {"history": "ExplorerRun.0", "point": 1, "testname": "project_SSA_1", "cornername": "Nominal"}
[2024-08-08 13:47:51.909 +0800] [INFO] [cadence.virtuoso.ade.simulationMonitor] -               nodes 4 {"history": "ExplorerRun.0", "point": 1, "testname": "project_SSA_1", "cornername": "Nominal"}
[2024-08-08 13:47:51.909 +0800] [INFO] [cadence.virtuoso.ade.simulationMonitor] - Notice from spectre during initial setup.
    APS Enabled. {"history": "ExplorerRun.0", "point": 1, "testname": "project_SSA_1", "cornername": "Nominal"}
[2024-08-08 13:47:51.909 +0800] [INFO] [cadence.virtuoso.ade.simulationMonitor] - Peak resident memory used = 77.4 Mbytes. {"history": "ExplorerRun.0", "point": 1, "testname": "project_SSA_1", "cornername": "Nominal"}
[2024-08-08 13:47:51.909 +0800] [WARN] [cadence.virtuoso.ade.simulationMonitor] -     WARNING (SPECTRE-16707): Only tran supports psfxl format, result of other analyses will be in psfbin format. {"history": "ExplorerRun.0", "point": 1, "testname": "project_SSA_1", "cornername": "Nominal"}
[2024-08-08 13:47:51.909 +0800] [INFO] [cadence.virtuoso.ade.simulationMonitor] - Total time required for ac analysis `ac': CPU = 3.522 ms, elapsed = 61.7299 ms. {"history": "ExplorerRun.0", "point": 1, "testname": "project_SSA_1", "cornername": "Nominal"}
[2024-08-08 13:47:51.909 +0800] [INFO] [cadence.virtuoso.ade.simulationMonitor] - Peak resident memory used = 78.6 Mbytes. {"history": "ExplorerRun.0", "point": 1, "testname": "project_SSA_1", "cornername": "Nominal"}
[2024-08-08 13:47:52.448 +0800] [INFO] [cadence.virtuoso.ade.simulationMonitor] - Time used: CPU = 147 ms, elapsed = 1.96 s, util. = 7.47%. {"history": "ExplorerRun.0", "point": 1, "testname": "project_SSA_1", "cornername": "Nominal"}
[2024-08-08 13:47:52.448 +0800] [INFO] [cadence.virtuoso.ade.simulationMonitor] - Time spent in licensing: elapsed = 20.7 ms. {"history": "ExplorerRun.0", "point": 1, "testname": "project_SSA_1", "cornername": "Nominal"}
[2024-08-08 13:47:52.466 +0800] [INFO] [cadence.virtuoso.ade.simulationMonitor] - Peak memory used = 80 Mbytes. {"history": "ExplorerRun.0", "point": 1, "testname": "project_SSA_1", "cornername": "Nominal"}
[2024-08-08 13:47:52.519 +0800] [PROCESS] [cadence.virtuoso.ade.simulationMonitor] - Simulation started at: 1:47:50 PM, Thur Aug 8, 2024, ended at: 1:47:52 PM, Thur Aug 8, 2024, with elapsed time (wall clock): 1.96 s. {"history": "ExplorerRun.0", "point": 1, "testname": "project_SSA_1", "cornername": "Nominal"}
[2024-08-08 13:47:52.519 +0800] [PROCESS] [cadence.virtuoso.ade.simulationMonitor] - spectre completes with 0 errors, 1 warning, and 2 notices. {"history": "ExplorerRun.0", "point": 1, "testname": "project_SSA_1", "cornername": "Nominal"}
[2024-08-08 13:47:52.519 +0800] [PROCESS] [cadence.virtuoso.ade.simulationMonitor] - Finished simulating for one point {"hostname": "lxb17.cadcam.nus.edu.sg", "processid": 329730, "history": "ExplorerRun.0", "testname": "project_SSA_1", "cornername": "Nominal", "point": 1, "logfile": "/staff1/elehch/EE3408C_pdk180nm/logs_elehch/logs0/Job2.log", "simid": "1", "event": "finish", "category": "simulation"}
[2024-08-08 13:47:52.520 +0800] [PROCESS] [cadence.virtuoso.ade.simulationMonitor] - Simulator exited {"hostname": "lxb17.cadcam.nus.edu.sg", "processid": 329730, "history": "ExplorerRun.0", "testname": "project_SSA_1", "cornername": "Nominal", "point": 1, "logfile": "/staff1/elehch/EE3408C_pdk180nm/logs_elehch/logs0/Job2.log", "exitStatus": "0"}
[2024-08-08 13:47:52.520 +0800] [PROCESS] [cadence.virtuoso.ade.simulationMonitor] - Finished Simulation {"hostname": "lxb17.cadcam.nus.edu.sg", "processid": 329730, "history": "ExplorerRun.0", "testname": "project_SSA_1", "cornername": "Nominal", "point": 1, "logfile": "/staff1/elehch/EE3408C_pdk180nm/logs_elehch/logs0/Job2.log", "simid": "1", "event": "finish", "category": "obsolete"}
[2024-08-08 13:47:55.570 +0800] [PROCESS] [cadence.virtuoso.ade.simulationMonitor] - Point Finished {"hostname": "lxb17.cadcam.nus.edu.sg", "processid": 329730, "history": "ExplorerRun.0", "testname": "project_SSA_1", "cornername": "Nominal", "point": 1, "logfile": "/staff1/elehch/EE3408C_pdk180nm/logs_elehch/logs0/Job2.log", "event": "finish", "category": "sim-eval"}
[2024-08-08 13:47:56.572 +0800] [PROCESS] [cadence.virtuoso.ade.simulationMonitor] - Stay with the runId '0', Linger time '300', currentRunSyn '1', currentTestSyn '2' {"hostname": "lxb17.cadcam.nus.edu.sg", "processid": 329730, "history": "ExplorerRun.0", "testname": "project_SSA_1", "cornername": "Nominal", "point": 1, "logfile": "/staff1/elehch/EE3408C_pdk180nm/logs_elehch/logs0/Job2.log"}
[2024-08-08 13:47:57.572 +0800] [PROCESS] [cadence.virtuoso.ade.simulationMonitor] - Stay with the runId '0', Linger time '300', currentRunSyn '1', currentTestSyn '2' {"hostname": "lxb17.cadcam.nus.edu.sg", "processid": 329730, "history": "ExplorerRun.0", "testname": "project_SSA_1", "cornername": "Nominal", "point": 1, "logfile": "/staff1/elehch/EE3408C_pdk180nm/logs_elehch/logs0/Job2.log"}
[2024-08-08 13:47:58.572 +0800] [PROCESS] [cadence.virtuoso.ade.simulationMonitor] - Stay with the runId '0', Linger time '300', currentRunSyn '1', currentTestSyn '2' {"hostname": "lxb17.cadcam.nus.edu.sg", "processid": 329730, "history": "ExplorerRun.0", "testname": "project_SSA_1", "cornername": "Nominal", "point": 1, "logfile": "/staff1/elehch/EE3408C_pdk180nm/logs_elehch/logs0/Job2.log"}
[2024-08-08 13:47:59.573 +0800] [PROCESS] [cadence.virtuoso.ade.simulationMonitor] - Stay with the runId '0', Linger time '300', currentRunSyn '1', currentTestSyn '2' {"hostname": "lxb17.cadcam.nus.edu.sg", "processid": 329730, "history": "ExplorerRun.0", "testname": "project_SSA_1", "cornername": "Nominal", "point": 1, "logfile": "/staff1/elehch/EE3408C_pdk180nm/logs_elehch/logs0/Job2.log"}
[2024-08-08 13:52:56.548 +0800] [PROCESS] [cadence.virtuoso.ade.simulationMonitor] - Current memory used: 81.9609 MBytes, peak memory used: 81.9609 MBytes {"hostname": "lxb17.cadcam.nus.edu.sg", "processid": 329730, "history": "ExplorerRun.0", "testname": "project_SSA_1", "cornername": "Nominal", "point": 1, "logfile": "/staff1/elehch/EE3408C_pdk180nm/logs_elehch/logs0/Job2.log"}
[2024-08-08 13:52:56.548 +0800] [PROCESS] [cadence.virtuoso.ade.simulationMonitor] - Simulation Monitor process exits. {"hostname": "lxb17.cadcam.nus.edu.sg", "processid": 329730, "history": "ExplorerRun.0", "testname": "project_SSA_1", "cornername": "Nominal", "point": 1, "logfile": "/staff1/elehch/EE3408C_pdk180nm/logs_elehch/logs0/Job2.log"}
