[Simulation Monitor: 3]
[2024-08-08 13:54:40.771 +0800] [PROCESS] [cadence.virtuoso.ade.simulationMonitor] - Started the simulation monitor process {"hostname": "lxb17.cadcam.nus.edu.sg", "processid": 330725, "logfile": "/staff1/elehch/EE3408C_pdk180nm/logs_elehch/logs0/Job3.log", "simulation monitor command line": "/app11/cadence/IC23.1-ISR3/tools.lnx86/dfII/bin/64bit/spectreMonitor --davinciService DaVinciService_327324_1723095693 --axlsession fnxSession0 -lscs 000175E1894CBE06FF0966E38F1FFC06BC4D60E3EA73FC06DF2533FC80069F678B6336BEC54DD2378D7D66E08617CC3C927A48D3BE2EFC06BC4D0057D2BFA1A6DAF900001E3D -beanhost lxb17.cadcam.nus.edu.sg -beanport 11908 -beanLogFile /staff1/elehch/EE3408C_pdk180nm/logs_elehch/logs0/amps_Job3.log -beanbinlog  --domain 0 --interactive yes --netlistOpt no --useMultiPointEvaluation yes --exprEvalShowJobStderr yes --evalSimParallel no --maxSims 0 --historyName ExplorerRun.0 --historyUUID  --exprEvaluator vds --mcMapping mc1.mapping --checkLogStatusInterval 0 --exprEvalMaxTries 3 --maxNFSSyncWait 60 -adeBrokerAddress lxb17.cadcam.nus.edu.sg:35435 --statdbType h5 --virtuosoBinary virtuoso --guiDisplay 10.192.4.70:11.0 --globalStatus 60 --evaluateMultiMC yes --evalOnSimFail SkipFailedAnalyses --numRetriesOnError 1 --fenixMode explorer --lingertimeout 300 -ahdlLockTimeout 60 --sdbLib project --sdbCell SSA --sdbView maestro --heartBeatFileDir /dev/shm --id 3 --uuid fc1fe46f-cd5b-418d-a6b9-ec543d18666e --log /staff1/elehch/EE3408C_pdk180nm/logs_elehch/logs0/Job3.log "}
[2024-08-08 13:54:40.772 +0800] [PROCESS] [cadence.virtuoso.ade.simulationMonitor] - Started the simulation monitor process {"hostname": "lxb17.cadcam.nus.edu.sg", "processid": 330725, "logfile": "/staff1/elehch/EE3408C_pdk180nm/logs_elehch/logs0/Job3.log", "current directory": "/staff1/elehch/EE3408C_pdk180nm"}
[2024-08-08 13:54:40.772 +0800] [PROCESS] [cadence.virtuoso.ade.simulationMonitor] - Simulation Monitor has successfully started up. Trying to set up communication channels to other components ... {"hostname": "lxb17.cadcam.nus.edu.sg", "processid": 330725, "logfile": "/staff1/elehch/EE3408C_pdk180nm/logs_elehch/logs0/Job3.log"}
[2024-08-08 13:54:40.772 +0800] [PROCESS] [cadence.virtuoso.ade.simulationMonitor] - Communication channels have been successfully set up. Start processing events ... {"hostname": "lxb17.cadcam.nus.edu.sg", "processid": 330725, "logfile": "/staff1/elehch/EE3408C_pdk180nm/logs_elehch/logs0/Job3.log"}
[2024-08-08 13:54:40.772 +0800] [PROCESS] [cadence.virtuoso.ade.simulationMonitor] - Considering to start history {"hostname": "lxb17.cadcam.nus.edu.sg", "processid": 330725, "history": "ExplorerRun.0", "logfile": "/staff1/elehch/EE3408C_pdk180nm/logs_elehch/logs0/Job3.log"}
[2024-08-08 13:54:40.774 +0800] [PROCESS] [cadence.virtuoso.ade.simulationMonitor] - HostInfo:
Host name (type):	lxb17.cadcam.nus.edu.sg (x86_64)
Operating system:	Linux 4.18.0-553.8.1.el8_10.x86_64 #1 SMP Fri Jun 14 03:19:37 EDT 2024 {"hostname": "lxb17.cadcam.nus.edu.sg", "processid": 330725, "history": "ExplorerRun.0", "logfile": "/staff1/elehch/EE3408C_pdk180nm/logs_elehch/logs0/Job3.log", "nodename": "lxb17.cadcam.nus.edu.sg", "domainname": "cadcam1", "machine": "x86_64", "sysname": "Linux", "release": "4.18.0-553.8.1.el8_10.x86_64", "version": "#1 SMP Fri Jun 14 03:19:37 EDT 2024"}
[2024-08-08 13:54:40.774 +0800] [PROCESS] [cadence.virtuoso.ade.simulationMonitor] - UsageInfo:
pid=330725
totalPhysicalMemory=15.088840GB,Used=5.589268GB,totalVirtualMemory=47.088837GB,Used=5.589268GB
Cpu: Cores=4, Load average:0.310000,0.120000,0.030000 {"hostname": "lxb17.cadcam.nus.edu.sg", "processid": 330725, "history": "ExplorerRun.0", "logfile": "/staff1/elehch/EE3408C_pdk180nm/logs_elehch/logs0/Job3.log", "pid": "330725", "totalPhysicalMemory": "15.088840", "physicalMemoryUsed": "5.589268", "totalVirtualMemory": "47.088837", "virtualMemoryUsed": "5.589268", "cpuCores": "4", "processes": "503", "loadAverage1": "0.310000", "loadAverage5": "0.120000", "loadAverage15": "0.030000", "loadAverage1Percent": "0.077500"}
[2024-08-08 13:54:40.803 +0800] [EVENT] [cadence.virtuoso.ade.simulationMonitor] - NewPoint {"history": "ExplorerRun.0", "point": 1, "testname": "project_SSA_1", "cornername": "Nominal", "event": "NewPoint", "EventSource": "Simulation Monitor", "HistoryName": "ExplorerRun.0", "logFile": "/staff1/elehch/EE3408C_pdk180nm/logs_elehch/logs0/Job3.log", "logFileSize": "4061", "category": "simulation"}
[2024-08-08 13:54:40.905 +0800] [EVENT] [cadence.virtuoso.ade.simulationMonitor] - NewPoint {"history": "ExplorerRun.0", "point": 1, "testname": "project_SSA_1", "cornername": "Nominal", "event": "NewPoint", "EventSource": "spectre", "HistoryName": "ExplorerRun.0", "logFile": "/staff1/elehch/simulation/project/SSA/maestro/results/maestro/ExplorerRun.0/1/project_SSA_1/psf/spectre.out", "logFileSize": "-1", "category": "simulation"}
[2024-08-08 13:54:41.102 +0800] [PROCESS] [cadence.virtuoso.ade.simulationMonitor] - Simulator launched {"hostname": "lxb17.cadcam.nus.edu.sg", "processid": 330725, "history": "ExplorerRun.0", "testname": "project_SSA_1", "cornername": "Nominal", "point": 1, "logfile": "/staff1/elehch/EE3408C_pdk180nm/logs_elehch/logs0/Job3.log", "simid": "1", "event": "launch", "category": "simulation"}
[2024-08-08 13:54:41.115 +0800] [PROCESS] [cadence.virtuoso.ade.simulationMonitor] - Expression evaluator launched {"hostname": "lxb17.cadcam.nus.edu.sg", "processid": 330725, "history": "ExplorerRun.0", "testname": "project_SSA_1", "cornername": "Nominal", "point": 1, "logfile": "/staff1/elehch/EE3408C_pdk180nm/logs_elehch/logs0/Job3.log"}
[2024-08-08 13:54:41.170 +0800] [PROCESS] [cadence.virtuoso.ade.simulationMonitor] - Started Simulation {"hostname": "lxb17.cadcam.nus.edu.sg", "processid": 330725, "history": "ExplorerRun.0", "testname": "project_SSA_1", "cornername": "Nominal", "point": 1, "logfile": "/staff1/elehch/EE3408C_pdk180nm/logs_elehch/logs0/Job3.log", "event": "start", "category": "simulation"}
[2024-08-08 13:54:42.171 +0800] [INFO] [cadence.virtuoso.ade.simulationMonitor] - Peak resident memory used = 68.6 Mbytes. {"history": "ExplorerRun.0", "point": 1, "testname": "project_SSA_1", "cornername": "Nominal"}
[2024-08-08 13:54:42.171 +0800] [INFO] [cadence.virtuoso.ade.simulationMonitor] - Peak resident memory used = 74.5 Mbytes. {"history": "ExplorerRun.0", "point": 1, "testname": "project_SSA_1", "cornername": "Nominal"}
[2024-08-08 13:54:42.171 +0800] [INFO] [cadence.virtuoso.ade.simulationMonitor] - Peak resident memory used = 75.8 Mbytes. {"history": "ExplorerRun.0", "point": 1, "testname": "project_SSA_1", "cornername": "Nominal"}
[2024-08-08 13:54:42.171 +0800] [INFO] [cadence.virtuoso.ade.simulationMonitor] - Notice from spectre during initial setup.
    Multithreading is disabled due to the size of the design being too small. {"history": "ExplorerRun.0", "point": 1, "testname": "project_SSA_1", "cornername": "Nominal"}
[2024-08-08 13:54:42.365 +0800] [INFO] [cadence.virtuoso.ade.simulationMonitor] -               nodes 4 {"history": "ExplorerRun.0", "point": 1, "testname": "project_SSA_1", "cornername": "Nominal"}
[2024-08-08 13:54:42.366 +0800] [INFO] [cadence.virtuoso.ade.simulationMonitor] - Notice from spectre during initial setup.
    APS Enabled. {"history": "ExplorerRun.0", "point": 1, "testname": "project_SSA_1", "cornername": "Nominal"}
[2024-08-08 13:54:42.366 +0800] [INFO] [cadence.virtuoso.ade.simulationMonitor] - Peak resident memory used = 77.4 Mbytes. {"history": "ExplorerRun.0", "point": 1, "testname": "project_SSA_1", "cornername": "Nominal"}
[2024-08-08 13:54:42.366 +0800] [WARN] [cadence.virtuoso.ade.simulationMonitor] -     WARNING (SPECTRE-16707): Only tran supports psfxl format, result of other analyses will be in psfbin format. {"history": "ExplorerRun.0", "point": 1, "testname": "project_SSA_1", "cornername": "Nominal"}
[2024-08-08 13:54:42.366 +0800] [INFO] [cadence.virtuoso.ade.simulationMonitor] - Notice from spectre during transient analysis `tran'.
    Multithreading is disabled due to the size of the design being too small. {"history": "ExplorerRun.0", "point": 1, "testname": "project_SSA_1", "cornername": "Nominal"}
[2024-08-08 13:54:42.893 +0800] [INFO] [cadence.virtuoso.ade.simulationMonitor] - Intrinsic tran analysis time:    CPU = 4.486 ms, elapsed = 223.469 ms. {"history": "ExplorerRun.0", "point": 1, "testname": "project_SSA_1", "cornername": "Nominal"}
[2024-08-08 13:54:42.893 +0800] [INFO] [cadence.virtuoso.ade.simulationMonitor] - Total time required for tran analysis `tran': CPU = 7.553 ms, elapsed = 401.495 ms. {"history": "ExplorerRun.0", "point": 1, "testname": "project_SSA_1", "cornername": "Nominal"}
[2024-08-08 13:54:42.893 +0800] [INFO] [cadence.virtuoso.ade.simulationMonitor] - Peak resident memory used = 80.2 Mbytes. {"history": "ExplorerRun.0", "point": 1, "testname": "project_SSA_1", "cornername": "Nominal"}
[2024-08-08 13:54:43.441 +0800] [INFO] [cadence.virtuoso.ade.simulationMonitor] - Time used: CPU = 153 ms, elapsed = 1.58 s, util. = 9.72%. {"history": "ExplorerRun.0", "point": 1, "testname": "project_SSA_1", "cornername": "Nominal"}
[2024-08-08 13:54:43.441 +0800] [INFO] [cadence.virtuoso.ade.simulationMonitor] - Time spent in licensing: elapsed = 19.7 ms. {"history": "ExplorerRun.0", "point": 1, "testname": "project_SSA_1", "cornername": "Nominal"}
[2024-08-08 13:54:43.464 +0800] [INFO] [cadence.virtuoso.ade.simulationMonitor] - Peak memory used = 81 Mbytes. {"history": "ExplorerRun.0", "point": 1, "testname": "project_SSA_1", "cornername": "Nominal"}
[2024-08-08 13:54:43.521 +0800] [PROCESS] [cadence.virtuoso.ade.simulationMonitor] - Simulation started at: 1:54:41 PM, Thur Aug 8, 2024, ended at: 1:54:42 PM, Thur Aug 8, 2024, with elapsed time (wall clock): 1.58 s. {"history": "ExplorerRun.0", "point": 1, "testname": "project_SSA_1", "cornername": "Nominal"}
[2024-08-08 13:54:43.521 +0800] [PROCESS] [cadence.virtuoso.ade.simulationMonitor] - spectre completes with 0 errors, 1 warning, and 3 notices. {"history": "ExplorerRun.0", "point": 1, "testname": "project_SSA_1", "cornername": "Nominal"}
[2024-08-08 13:54:43.521 +0800] [PROCESS] [cadence.virtuoso.ade.simulationMonitor] - Finished simulating for one point {"hostname": "lxb17.cadcam.nus.edu.sg", "processid": 330725, "history": "ExplorerRun.0", "testname": "project_SSA_1", "cornername": "Nominal", "point": 1, "logfile": "/staff1/elehch/EE3408C_pdk180nm/logs_elehch/logs0/Job3.log", "simid": "1", "event": "finish", "category": "simulation"}
[2024-08-08 13:54:43.521 +0800] [PROCESS] [cadence.virtuoso.ade.simulationMonitor] - Simulator exited {"hostname": "lxb17.cadcam.nus.edu.sg", "processid": 330725, "history": "ExplorerRun.0", "testname": "project_SSA_1", "cornername": "Nominal", "point": 1, "logfile": "/staff1/elehch/EE3408C_pdk180nm/logs_elehch/logs0/Job3.log", "exitStatus": "0"}
[2024-08-08 13:54:43.521 +0800] [PROCESS] [cadence.virtuoso.ade.simulationMonitor] - Finished Simulation {"hostname": "lxb17.cadcam.nus.edu.sg", "processid": 330725, "history": "ExplorerRun.0", "testname": "project_SSA_1", "cornername": "Nominal", "point": 1, "logfile": "/staff1/elehch/EE3408C_pdk180nm/logs_elehch/logs0/Job3.log", "simid": "1", "event": "finish", "category": "obsolete"}
[2024-08-08 13:54:46.651 +0800] [PROCESS] [cadence.virtuoso.ade.simulationMonitor] - Point Finished {"hostname": "lxb17.cadcam.nus.edu.sg", "processid": 330725, "history": "ExplorerRun.0", "testname": "project_SSA_1", "cornername": "Nominal", "point": 1, "logfile": "/staff1/elehch/EE3408C_pdk180nm/logs_elehch/logs0/Job3.log", "event": "finish", "category": "sim-eval"}
[2024-08-08 13:54:47.652 +0800] [PROCESS] [cadence.virtuoso.ade.simulationMonitor] - Stay with the runId '1', Linger time '300', currentRunSyn '3', currentTestSyn '4' {"hostname": "lxb17.cadcam.nus.edu.sg", "processid": 330725, "history": "ExplorerRun.0", "testname": "project_SSA_1", "cornername": "Nominal", "point": 1, "logfile": "/staff1/elehch/EE3408C_pdk180nm/logs_elehch/logs0/Job3.log"}
[2024-08-08 13:54:48.652 +0800] [PROCESS] [cadence.virtuoso.ade.simulationMonitor] - Stay with the runId '1', Linger time '300', currentRunSyn '3', currentTestSyn '4' {"hostname": "lxb17.cadcam.nus.edu.sg", "processid": 330725, "history": "ExplorerRun.0", "testname": "project_SSA_1", "cornername": "Nominal", "point": 1, "logfile": "/staff1/elehch/EE3408C_pdk180nm/logs_elehch/logs0/Job3.log"}
[2024-08-08 13:55:49.723 +0800] [INFO] [cadence.virtuoso.ade.simulationMonitor] - SimulationMonitor has terminated the vds process '330766', reason: 'Force to stop the expression evalutor process because of new run' {"history": "ExplorerRun.0", "point": 1, "testname": "project_SSA_1", "cornername": "Nominal"}
[2024-08-08 13:55:49.744 +0800] [PROCESS] [cadence.virtuoso.ade.simulationMonitor] - HostInfo:
Host name (type):	lxb17.cadcam.nus.edu.sg (x86_64)
Operating system:	Linux 4.18.0-553.8.1.el8_10.x86_64 #1 SMP Fri Jun 14 03:19:37 EDT 2024 {"hostname": "lxb17.cadcam.nus.edu.sg", "processid": 330725, "history": "ExplorerRun.0", "testname": "project_SSA_1", "cornername": "Nominal", "point": 1, "logfile": "/staff1/elehch/EE3408C_pdk180nm/logs_elehch/logs0/Job3.log", "nodename": "lxb17.cadcam.nus.edu.sg", "domainname": "cadcam1", "machine": "x86_64", "sysname": "Linux", "release": "4.18.0-553.8.1.el8_10.x86_64", "version": "#1 SMP Fri Jun 14 03:19:37 EDT 2024"}
[2024-08-08 13:55:49.744 +0800] [PROCESS] [cadence.virtuoso.ade.simulationMonitor] - UsageInfo:
pid=330725
totalPhysicalMemory=15.088840GB,Used=5.595997GB,totalVirtualMemory=47.088837GB,Used=5.595997GB
Cpu: Cores=4, Load average:0.430000,0.180000,0.060000 {"hostname": "lxb17.cadcam.nus.edu.sg", "processid": 330725, "history": "ExplorerRun.0", "testname": "project_SSA_1", "cornername": "Nominal", "point": 1, "logfile": "/staff1/elehch/EE3408C_pdk180nm/logs_elehch/logs0/Job3.log", "pid": "330725", "totalPhysicalMemory": "15.088840", "physicalMemoryUsed": "5.595997", "totalVirtualMemory": "47.088837", "virtualMemoryUsed": "5.595997", "cpuCores": "4", "processes": "504", "loadAverage1": "0.430000", "loadAverage5": "0.180000", "loadAverage15": "0.060000", "loadAverage1Percent": "0.107500"}
[2024-08-08 13:55:49.802 +0800] [EVENT] [cadence.virtuoso.ade.simulationMonitor] - NewPoint {"history": "ExplorerRun.0", "point": 1, "testname": "project_SSA_1", "cornername": "Nominal", "event": "NewPoint", "EventSource": "Simulation Monitor", "HistoryName": "ExplorerRun.0", "logFile": "/staff1/elehch/EE3408C_pdk180nm/logs_elehch/logs0/Job3.log", "logFileSize": "14224", "category": "simulation"}
[2024-08-08 13:55:49.905 +0800] [EVENT] [cadence.virtuoso.ade.simulationMonitor] - NewPoint {"history": "ExplorerRun.0", "point": 1, "testname": "project_SSA_1", "cornername": "Nominal", "event": "NewPoint", "EventSource": "spectre", "HistoryName": "ExplorerRun.0", "logFile": "/staff1/elehch/simulation/project/SSA/maestro/results/maestro/ExplorerRun.0/1/project_SSA_1/psf/spectre.out", "logFileSize": "-1", "category": "simulation"}
[2024-08-08 13:55:50.035 +0800] [PROCESS] [cadence.virtuoso.ade.simulationMonitor] - Simulator launched {"hostname": "lxb17.cadcam.nus.edu.sg", "processid": 330725, "history": "ExplorerRun.0", "testname": "project_SSA_1", "cornername": "Nominal", "point": 1, "logfile": "/staff1/elehch/EE3408C_pdk180nm/logs_elehch/logs0/Job3.log", "simid": "2", "event": "launch", "category": "simulation"}
[2024-08-08 13:55:50.054 +0800] [PROCESS] [cadence.virtuoso.ade.simulationMonitor] - Expression evaluator launched {"hostname": "lxb17.cadcam.nus.edu.sg", "processid": 330725, "history": "ExplorerRun.0", "testname": "project_SSA_1", "cornername": "Nominal", "point": 1, "logfile": "/staff1/elehch/EE3408C_pdk180nm/logs_elehch/logs0/Job3.log"}
[2024-08-08 13:55:50.110 +0800] [PROCESS] [cadence.virtuoso.ade.simulationMonitor] - Started Simulation {"hostname": "lxb17.cadcam.nus.edu.sg", "processid": 330725, "history": "ExplorerRun.0", "testname": "project_SSA_1", "cornername": "Nominal", "point": 1, "logfile": "/staff1/elehch/EE3408C_pdk180nm/logs_elehch/logs0/Job3.log", "event": "start", "category": "simulation"}
[2024-08-08 13:55:51.111 +0800] [INFO] [cadence.virtuoso.ade.simulationMonitor] - Peak resident memory used = 68.7 Mbytes. {"history": "ExplorerRun.0", "point": 1, "testname": "project_SSA_1", "cornername": "Nominal"}
[2024-08-08 13:55:51.111 +0800] [INFO] [cadence.virtuoso.ade.simulationMonitor] - Peak resident memory used = 74.5 Mbytes. {"history": "ExplorerRun.0", "point": 1, "testname": "project_SSA_1", "cornername": "Nominal"}
[2024-08-08 13:55:51.111 +0800] [INFO] [cadence.virtuoso.ade.simulationMonitor] - Peak resident memory used = 74.5 Mbytes. {"history": "ExplorerRun.0", "point": 1, "testname": "project_SSA_1", "cornername": "Nominal"}
[2024-08-08 13:55:51.111 +0800] [INFO] [cadence.virtuoso.ade.simulationMonitor] - Notice from spectre during initial setup.
    Multithreading is disabled due to the size of the design being too small. {"history": "ExplorerRun.0", "point": 1, "testname": "project_SSA_1", "cornername": "Nominal"}
[2024-08-08 13:55:51.255 +0800] [INFO] [cadence.virtuoso.ade.simulationMonitor] -               nodes 4 {"history": "ExplorerRun.0", "point": 1, "testname": "project_SSA_1", "cornername": "Nominal"}
[2024-08-08 13:55:51.255 +0800] [INFO] [cadence.virtuoso.ade.simulationMonitor] - Notice from spectre during initial setup.
    APS Enabled. {"history": "ExplorerRun.0", "point": 1, "testname": "project_SSA_1", "cornername": "Nominal"}
[2024-08-08 13:55:51.255 +0800] [INFO] [cadence.virtuoso.ade.simulationMonitor] - Peak resident memory used = 77.4 Mbytes. {"history": "ExplorerRun.0", "point": 1, "testname": "project_SSA_1", "cornername": "Nominal"}
[2024-08-08 13:55:51.255 +0800] [WARN] [cadence.virtuoso.ade.simulationMonitor] -     WARNING (SPECTRE-16707): Only tran supports psfxl format, result of other analyses will be in psfbin format. {"history": "ExplorerRun.0", "point": 1, "testname": "project_SSA_1", "cornername": "Nominal"}
[2024-08-08 13:55:51.255 +0800] [INFO] [cadence.virtuoso.ade.simulationMonitor] - Notice from spectre during transient analysis `tran'.
    Multithreading is disabled due to the size of the design being too small. {"history": "ExplorerRun.0", "point": 1, "testname": "project_SSA_1", "cornername": "Nominal"}
[2024-08-08 13:55:51.288 +0800] [INFO] [cadence.virtuoso.ade.simulationMonitor] - Intrinsic tran analysis time:    CPU = 4.809 ms, elapsed = 176.898 ms. {"history": "ExplorerRun.0", "point": 1, "testname": "project_SSA_1", "cornername": "Nominal"}
[2024-08-08 13:55:51.789 +0800] [INFO] [cadence.virtuoso.ade.simulationMonitor] - Total time required for tran analysis `tran': CPU = 7.634 ms, elapsed = 205.629 ms. {"history": "ExplorerRun.0", "point": 1, "testname": "project_SSA_1", "cornername": "Nominal"}
[2024-08-08 13:55:51.789 +0800] [INFO] [cadence.virtuoso.ade.simulationMonitor] - Peak resident memory used = 79 Mbytes. {"history": "ExplorerRun.0", "point": 1, "testname": "project_SSA_1", "cornername": "Nominal"}
[2024-08-08 13:55:51.831 +0800] [INFO] [cadence.virtuoso.ade.simulationMonitor] - Time used: CPU = 147 ms, elapsed = 1.37 s, util. = 10.7%. {"history": "ExplorerRun.0", "point": 1, "testname": "project_SSA_1", "cornername": "Nominal"}
[2024-08-08 13:55:51.831 +0800] [INFO] [cadence.virtuoso.ade.simulationMonitor] - Time spent in licensing: elapsed = 17.8 ms. {"history": "ExplorerRun.0", "point": 1, "testname": "project_SSA_1", "cornername": "Nominal"}
[2024-08-08 13:55:51.852 +0800] [INFO] [cadence.virtuoso.ade.simulationMonitor] - Peak memory used = 81.2 Mbytes. {"history": "ExplorerRun.0", "point": 1, "testname": "project_SSA_1", "cornername": "Nominal"}
[2024-08-08 13:55:51.902 +0800] [PROCESS] [cadence.virtuoso.ade.simulationMonitor] - Simulation started at: 1:55:50 PM, Thur Aug 8, 2024, ended at: 1:55:51 PM, Thur Aug 8, 2024, with elapsed time (wall clock): 1.37 s. {"history": "ExplorerRun.0", "point": 1, "testname": "project_SSA_1", "cornername": "Nominal"}
[2024-08-08 13:55:51.902 +0800] [PROCESS] [cadence.virtuoso.ade.simulationMonitor] - spectre completes with 0 errors, 1 warning, and 3 notices. {"history": "ExplorerRun.0", "point": 1, "testname": "project_SSA_1", "cornername": "Nominal"}
[2024-08-08 13:55:52.402 +0800] [PROCESS] [cadence.virtuoso.ade.simulationMonitor] - Finished simulating for one point {"hostname": "lxb17.cadcam.nus.edu.sg", "processid": 330725, "history": "ExplorerRun.0", "testname": "project_SSA_1", "cornername": "Nominal", "point": 1, "logfile": "/staff1/elehch/EE3408C_pdk180nm/logs_elehch/logs0/Job3.log", "simid": "2", "event": "finish", "category": "simulation"}
[2024-08-08 13:55:52.402 +0800] [PROCESS] [cadence.virtuoso.ade.simulationMonitor] - Simulator exited {"hostname": "lxb17.cadcam.nus.edu.sg", "processid": 330725, "history": "ExplorerRun.0", "testname": "project_SSA_1", "cornername": "Nominal", "point": 1, "logfile": "/staff1/elehch/EE3408C_pdk180nm/logs_elehch/logs0/Job3.log", "exitStatus": "0"}
[2024-08-08 13:55:52.402 +0800] [PROCESS] [cadence.virtuoso.ade.simulationMonitor] - Finished Simulation {"hostname": "lxb17.cadcam.nus.edu.sg", "processid": 330725, "history": "ExplorerRun.0", "testname": "project_SSA_1", "cornername": "Nominal", "point": 1, "logfile": "/staff1/elehch/EE3408C_pdk180nm/logs_elehch/logs0/Job3.log", "simid": "2", "event": "finish", "category": "obsolete"}
[2024-08-08 13:55:55.452 +0800] [PROCESS] [cadence.virtuoso.ade.simulationMonitor] - Point Finished {"hostname": "lxb17.cadcam.nus.edu.sg", "processid": 330725, "history": "ExplorerRun.0", "testname": "project_SSA_1", "cornername": "Nominal", "point": 1, "logfile": "/staff1/elehch/EE3408C_pdk180nm/logs_elehch/logs0/Job3.log", "event": "finish", "category": "sim-eval"}
[2024-08-08 13:55:56.454 +0800] [PROCESS] [cadence.virtuoso.ade.simulationMonitor] - Stay with the runId '2', Linger time '300', currentRunSyn '5', currentTestSyn '6' {"hostname": "lxb17.cadcam.nus.edu.sg", "processid": 330725, "history": "ExplorerRun.0", "testname": "project_SSA_1", "cornername": "Nominal", "point": 1, "logfile": "/staff1/elehch/EE3408C_pdk180nm/logs_elehch/logs0/Job3.log"}
[2024-08-08 13:55:57.454 +0800] [PROCESS] [cadence.virtuoso.ade.simulationMonitor] - Stay with the runId '2', Linger time '300', currentRunSyn '5', currentTestSyn '6' {"hostname": "lxb17.cadcam.nus.edu.sg", "processid": 330725, "history": "ExplorerRun.0", "testname": "project_SSA_1", "cornername": "Nominal", "point": 1, "logfile": "/staff1/elehch/EE3408C_pdk180nm/logs_elehch/logs0/Job3.log"}
[2024-08-08 14:00:56.242 +0800] [PROCESS] [cadence.virtuoso.ade.simulationMonitor] - Current memory used: 81.9961 MBytes, peak memory used: 81.9961 MBytes {"hostname": "lxb17.cadcam.nus.edu.sg", "processid": 330725, "history": "ExplorerRun.0", "testname": "project_SSA_1", "cornername": "Nominal", "point": 1, "logfile": "/staff1/elehch/EE3408C_pdk180nm/logs_elehch/logs0/Job3.log"}
[2024-08-08 14:00:56.242 +0800] [PROCESS] [cadence.virtuoso.ade.simulationMonitor] - Simulation Monitor process exits. {"hostname": "lxb17.cadcam.nus.edu.sg", "processid": 330725, "history": "ExplorerRun.0", "testname": "project_SSA_1", "cornername": "Nominal", "point": 1, "logfile": "/staff1/elehch/EE3408C_pdk180nm/logs_elehch/logs0/Job3.log"}
