[Simulation Monitor: 4]
[2024-08-07 19:06:54.825 +0800] [PROCESS] [cadence.virtuoso.ade.simulationMonitor] - Started the simulation monitor process {"hostname": "lxb17.cadcam.nus.edu.sg", "processid": 301478, "logfile": "/staff1/elehch/EE3408C_pdk180nm/logs_elehch/logs0/Job4.log", "simulation monitor command line": "/app11/cadence/IC23.1-ISR3/tools.lnx86/dfII/bin/64bit/spectreMonitor --davinciService DaVinciService_296660_1723025017 --axlsession fnxSession0 -lscs 000175E1894CBE06FF0966E38F1FFC06BC4D60E3EA73FC06DF2533FC80069F678B6336BEC54DD2378D7D66E08617CC3C927A48D3BE2EFC06BC4D0050DA51A948DAFE00001E2C -beanhost lxb17.cadcam.nus.edu.sg -beanport 11800 -beanLogFile /staff1/elehch/EE3408C_pdk180nm/logs_elehch/logs0/amps_Job4.log -beanbinlog  --domain 0 --interactive yes --netlistOpt no --useMultiPointEvaluation yes --exprEvalShowJobStderr yes --evalSimParallel no --maxSims 0 --historyName ExplorerRun.0 --historyUUID  --exprEvaluator vds --mcMapping mc1.mapping --checkLogStatusInterval 0 --exprEvalMaxTries 3 --maxNFSSyncWait 60 -adeBrokerAddress lxb17.cadcam.nus.edu.sg:38605 --statdbType h5 --virtuosoBinary virtuoso --guiDisplay 10.192.4.70:11.0 --globalStatus 60 --evaluateMultiMC yes --evalOnSimFail SkipFailedAnalyses --numRetriesOnError 1 --fenixMode explorer --lingertimeout 300 -ahdlLockTimeout 60 --sdbLib project --sdbCell mos_char --sdbView maestro --heartBeatFileDir /dev/shm --id 4 --uuid e54e1133-c216-4dd4-a318-21d81591e151 --log /staff1/elehch/EE3408C_pdk180nm/logs_elehch/logs0/Job4.log "}
[2024-08-07 19:06:54.825 +0800] [PROCESS] [cadence.virtuoso.ade.simulationMonitor] - Started the simulation monitor process {"hostname": "lxb17.cadcam.nus.edu.sg", "processid": 301478, "logfile": "/staff1/elehch/EE3408C_pdk180nm/logs_elehch/logs0/Job4.log", "current directory": "/staff1/elehch/EE3408C_pdk180nm"}
[2024-08-07 19:06:54.825 +0800] [PROCESS] [cadence.virtuoso.ade.simulationMonitor] - Simulation Monitor has successfully started up. Trying to set up communication channels to other components ... {"hostname": "lxb17.cadcam.nus.edu.sg", "processid": 301478, "logfile": "/staff1/elehch/EE3408C_pdk180nm/logs_elehch/logs0/Job4.log"}
[2024-08-07 19:06:54.826 +0800] [PROCESS] [cadence.virtuoso.ade.simulationMonitor] - Communication channels have been successfully set up. Start processing events ... {"hostname": "lxb17.cadcam.nus.edu.sg", "processid": 301478, "logfile": "/staff1/elehch/EE3408C_pdk180nm/logs_elehch/logs0/Job4.log"}
[2024-08-07 19:06:54.826 +0800] [PROCESS] [cadence.virtuoso.ade.simulationMonitor] - Considering to start history {"hostname": "lxb17.cadcam.nus.edu.sg", "processid": 301478, "history": "ExplorerRun.0", "logfile": "/staff1/elehch/EE3408C_pdk180nm/logs_elehch/logs0/Job4.log"}
[2024-08-07 19:06:54.828 +0800] [PROCESS] [cadence.virtuoso.ade.simulationMonitor] - HostInfo:
Host name (type):	lxb17.cadcam.nus.edu.sg (x86_64)
Operating system:	Linux 4.18.0-553.8.1.el8_10.x86_64 #1 SMP Fri Jun 14 03:19:37 EDT 2024 {"hostname": "lxb17.cadcam.nus.edu.sg", "processid": 301478, "history": "ExplorerRun.0", "logfile": "/staff1/elehch/EE3408C_pdk180nm/logs_elehch/logs0/Job4.log", "nodename": "lxb17.cadcam.nus.edu.sg", "domainname": "cadcam1", "machine": "x86_64", "sysname": "Linux", "release": "4.18.0-553.8.1.el8_10.x86_64", "version": "#1 SMP Fri Jun 14 03:19:37 EDT 2024"}
[2024-08-07 19:06:54.828 +0800] [PROCESS] [cadence.virtuoso.ade.simulationMonitor] - UsageInfo:
pid=301478
totalPhysicalMemory=15.088840GB,Used=5.571133GB,totalVirtualMemory=47.088837GB,Used=5.571133GB
Cpu: Cores=4, Load average:0.280000,0.070000,0.020000 {"hostname": "lxb17.cadcam.nus.edu.sg", "processid": 301478, "history": "ExplorerRun.0", "logfile": "/staff1/elehch/EE3408C_pdk180nm/logs_elehch/logs0/Job4.log", "pid": "301478", "totalPhysicalMemory": "15.088840", "physicalMemoryUsed": "5.571133", "totalVirtualMemory": "47.088837", "virtualMemoryUsed": "5.571133", "cpuCores": "4", "processes": "537", "loadAverage1": "0.280000", "loadAverage5": "0.070000", "loadAverage15": "0.020000", "loadAverage1Percent": "0.070000"}
[2024-08-07 19:06:54.866 +0800] [EVENT] [cadence.virtuoso.ade.simulationMonitor] - NewPoint {"history": "ExplorerRun.0", "point": 1, "testname": "project_mos_char_1", "cornername": "Nominal", "event": "NewPoint", "EventSource": "Simulation Monitor", "HistoryName": "ExplorerRun.0", "logFile": "/staff1/elehch/EE3408C_pdk180nm/logs_elehch/logs0/Job4.log", "logFileSize": "4066", "category": "simulation"}
[2024-08-07 19:06:54.967 +0800] [EVENT] [cadence.virtuoso.ade.simulationMonitor] - NewPoint {"history": "ExplorerRun.0", "point": 1, "testname": "project_mos_char_1", "cornername": "Nominal", "event": "NewPoint", "EventSource": "spectre", "HistoryName": "ExplorerRun.0", "logFile": "/staff1/elehch/simulation/project/mos_char/maestro/results/maestro/ExplorerRun.0/1/project_mos_char_1/psf/spectre.out", "logFileSize": "-1", "category": "simulation"}
[2024-08-07 19:06:55.088 +0800] [PROCESS] [cadence.virtuoso.ade.simulationMonitor] - Simulator launched {"hostname": "lxb17.cadcam.nus.edu.sg", "processid": 301478, "history": "ExplorerRun.0", "testname": "project_mos_char_1", "cornername": "Nominal", "point": 1, "logfile": "/staff1/elehch/EE3408C_pdk180nm/logs_elehch/logs0/Job4.log", "simid": "1", "event": "launch", "category": "simulation"}
[2024-08-07 19:06:55.103 +0800] [PROCESS] [cadence.virtuoso.ade.simulationMonitor] - Expression evaluator launched {"hostname": "lxb17.cadcam.nus.edu.sg", "processid": 301478, "history": "ExplorerRun.0", "testname": "project_mos_char_1", "cornername": "Nominal", "point": 1, "logfile": "/staff1/elehch/EE3408C_pdk180nm/logs_elehch/logs0/Job4.log"}
[2024-08-07 19:06:55.158 +0800] [PROCESS] [cadence.virtuoso.ade.simulationMonitor] - Started Simulation {"hostname": "lxb17.cadcam.nus.edu.sg", "processid": 301478, "history": "ExplorerRun.0", "testname": "project_mos_char_1", "cornername": "Nominal", "point": 1, "logfile": "/staff1/elehch/EE3408C_pdk180nm/logs_elehch/logs0/Job4.log", "event": "start", "category": "simulation"}
[2024-08-07 19:06:56.159 +0800] [INFO] [cadence.virtuoso.ade.simulationMonitor] - Peak resident memory used = 68.3 Mbytes. {"history": "ExplorerRun.0", "point": 1, "testname": "project_mos_char_1", "cornername": "Nominal"}
[2024-08-07 19:06:56.159 +0800] [INFO] [cadence.virtuoso.ade.simulationMonitor] - Peak resident memory used = 74.2 Mbytes. {"history": "ExplorerRun.0", "point": 1, "testname": "project_mos_char_1", "cornername": "Nominal"}
[2024-08-07 19:06:56.159 +0800] [INFO] [cadence.virtuoso.ade.simulationMonitor] - Peak resident memory used = 74.2 Mbytes. {"history": "ExplorerRun.0", "point": 1, "testname": "project_mos_char_1", "cornername": "Nominal"}
[2024-08-07 19:06:56.159 +0800] [INFO] [cadence.virtuoso.ade.simulationMonitor] - Notice from spectre during initial setup.
    Multithreading is disabled due to the size of the design being too small. {"history": "ExplorerRun.0", "point": 1, "testname": "project_mos_char_1", "cornername": "Nominal"}
[2024-08-07 19:06:56.289 +0800] [INFO] [cadence.virtuoso.ade.simulationMonitor] -               nodes 2 {"history": "ExplorerRun.0", "point": 1, "testname": "project_mos_char_1", "cornername": "Nominal"}
[2024-08-07 19:06:56.289 +0800] [INFO] [cadence.virtuoso.ade.simulationMonitor] - Notice from spectre during initial setup.
    APS Enabled. {"history": "ExplorerRun.0", "point": 1, "testname": "project_mos_char_1", "cornername": "Nominal"}
[2024-08-07 19:06:56.289 +0800] [INFO] [cadence.virtuoso.ade.simulationMonitor] - Peak resident memory used = 77.4 Mbytes. {"history": "ExplorerRun.0", "point": 1, "testname": "project_mos_char_1", "cornername": "Nominal"}
[2024-08-07 19:06:56.289 +0800] [WARN] [cadence.virtuoso.ade.simulationMonitor] -     WARNING (SPECTRE-16707): Only tran supports psfxl format, result of other analyses will be in psfbin format. {"history": "ExplorerRun.0", "point": 1, "testname": "project_mos_char_1", "cornername": "Nominal"}
[2024-08-07 19:06:56.289 +0800] [INFO] [cadence.virtuoso.ade.simulationMonitor] - Total time required for dc analysis `dcOp': CPU = 1.832 ms, elapsed = 92.452 ms. {"history": "ExplorerRun.0", "point": 1, "testname": "project_mos_char_1", "cornername": "Nominal"}
[2024-08-07 19:06:56.290 +0800] [INFO] [cadence.virtuoso.ade.simulationMonitor] - Peak resident memory used = 78.6 Mbytes. {"history": "ExplorerRun.0", "point": 1, "testname": "project_mos_char_1", "cornername": "Nominal"}
[2024-08-07 19:06:56.819 +0800] [INFO] [cadence.virtuoso.ade.simulationMonitor] - Time used: CPU = 147 ms, elapsed = 1.17 s, util. = 12.6%. {"history": "ExplorerRun.0", "point": 1, "testname": "project_mos_char_1", "cornername": "Nominal"}
[2024-08-07 19:06:56.819 +0800] [INFO] [cadence.virtuoso.ade.simulationMonitor] - Time spent in licensing: elapsed = 19.8 ms. {"history": "ExplorerRun.0", "point": 1, "testname": "project_mos_char_1", "cornername": "Nominal"}
[2024-08-07 19:06:56.836 +0800] [INFO] [cadence.virtuoso.ade.simulationMonitor] - Peak memory used = 79.4 Mbytes. {"history": "ExplorerRun.0", "point": 1, "testname": "project_mos_char_1", "cornername": "Nominal"}
[2024-08-07 19:06:56.886 +0800] [PROCESS] [cadence.virtuoso.ade.simulationMonitor] - Simulation started at: 7:06:55 PM, Wed Aug 7, 2024, ended at: 7:06:56 PM, Wed Aug 7, 2024, with elapsed time (wall clock): 1.17 s. {"history": "ExplorerRun.0", "point": 1, "testname": "project_mos_char_1", "cornername": "Nominal"}
[2024-08-07 19:06:56.886 +0800] [PROCESS] [cadence.virtuoso.ade.simulationMonitor] - spectre completes with 0 errors, 1 warning, and 2 notices. {"history": "ExplorerRun.0", "point": 1, "testname": "project_mos_char_1", "cornername": "Nominal"}
[2024-08-07 19:06:56.886 +0800] [PROCESS] [cadence.virtuoso.ade.simulationMonitor] - Finished simulating for one point {"hostname": "lxb17.cadcam.nus.edu.sg", "processid": 301478, "history": "ExplorerRun.0", "testname": "project_mos_char_1", "cornername": "Nominal", "point": 1, "logfile": "/staff1/elehch/EE3408C_pdk180nm/logs_elehch/logs0/Job4.log", "simid": "1", "event": "finish", "category": "simulation"}
[2024-08-07 19:06:56.886 +0800] [PROCESS] [cadence.virtuoso.ade.simulationMonitor] - Simulator exited {"hostname": "lxb17.cadcam.nus.edu.sg", "processid": 301478, "history": "ExplorerRun.0", "testname": "project_mos_char_1", "cornername": "Nominal", "point": 1, "logfile": "/staff1/elehch/EE3408C_pdk180nm/logs_elehch/logs0/Job4.log", "exitStatus": "0"}
[2024-08-07 19:06:56.886 +0800] [PROCESS] [cadence.virtuoso.ade.simulationMonitor] - Finished Simulation {"hostname": "lxb17.cadcam.nus.edu.sg", "processid": 301478, "history": "ExplorerRun.0", "testname": "project_mos_char_1", "cornername": "Nominal", "point": 1, "logfile": "/staff1/elehch/EE3408C_pdk180nm/logs_elehch/logs0/Job4.log", "simid": "1", "event": "finish", "category": "obsolete"}
[2024-08-07 19:07:00.424 +0800] [PROCESS] [cadence.virtuoso.ade.simulationMonitor] - Point Finished {"hostname": "lxb17.cadcam.nus.edu.sg", "processid": 301478, "history": "ExplorerRun.0", "testname": "project_mos_char_1", "cornername": "Nominal", "point": 1, "logfile": "/staff1/elehch/EE3408C_pdk180nm/logs_elehch/logs0/Job4.log", "event": "finish", "category": "sim-eval"}
[2024-08-07 19:07:01.425 +0800] [PROCESS] [cadence.virtuoso.ade.simulationMonitor] - Stay with the runId '1', Linger time '300', currentRunSyn '3', currentTestSyn '4' {"hostname": "lxb17.cadcam.nus.edu.sg", "processid": 301478, "history": "ExplorerRun.0", "testname": "project_mos_char_1", "cornername": "Nominal", "point": 1, "logfile": "/staff1/elehch/EE3408C_pdk180nm/logs_elehch/logs0/Job4.log"}
[2024-08-07 19:07:02.425 +0800] [PROCESS] [cadence.virtuoso.ade.simulationMonitor] - Stay with the runId '1', Linger time '300', currentRunSyn '3', currentTestSyn '4' {"hostname": "lxb17.cadcam.nus.edu.sg", "processid": 301478, "history": "ExplorerRun.0", "testname": "project_mos_char_1", "cornername": "Nominal", "point": 1, "logfile": "/staff1/elehch/EE3408C_pdk180nm/logs_elehch/logs0/Job4.log"}
[2024-08-07 19:12:01.092 +0800] [PROCESS] [cadence.virtuoso.ade.simulationMonitor] - Current memory used: 81.7266 MBytes, peak memory used: 81.7266 MBytes {"hostname": "lxb17.cadcam.nus.edu.sg", "processid": 301478, "history": "ExplorerRun.0", "testname": "project_mos_char_1", "cornername": "Nominal", "point": 1, "logfile": "/staff1/elehch/EE3408C_pdk180nm/logs_elehch/logs0/Job4.log"}
[2024-08-07 19:12:01.092 +0800] [PROCESS] [cadence.virtuoso.ade.simulationMonitor] - Simulation Monitor process exits. {"hostname": "lxb17.cadcam.nus.edu.sg", "processid": 301478, "history": "ExplorerRun.0", "testname": "project_mos_char_1", "cornername": "Nominal", "point": 1, "logfile": "/staff1/elehch/EE3408C_pdk180nm/logs_elehch/logs0/Job4.log"}
