[Simulation Monitor: 6]
[2024-08-08 14:20:29.182 +0800] [PROCESS] [cadence.virtuoso.ade.simulationMonitor] - Started the simulation monitor process {"hostname": "lxb17.cadcam.nus.edu.sg", "processid": 332833, "logfile": "/staff1/elehch/EE3408C_pdk180nm/logs_elehch/logs0/Job6.log", "simulation monitor command line": "/app11/cadence/IC23.1-ISR3/tools.lnx86/dfII/bin/64bit/spectreMonitor --davinciService DaVinciService_327324_1723095693 --axlsession fnxSession1 -lscs 000175E1894CBE06FF0966E38F1FFC06BC4D60E3EA73FC06DF2533FC80069F678B6336BEC54DD2378D7D66E08617CC3C927A48D3BE2EFC06BC4D0057ECB39FAADAF900001E54 -beanhost lxb17.cadcam.nus.edu.sg -beanport 11908 -beanLogFile /staff1/elehch/EE3408C_pdk180nm/logs_elehch/logs0/amps_Job6.log -beanbinlog  --domain 0 --interactive yes --netlistOpt no --useMultiPointEvaluation yes --exprEvalShowJobStderr yes --evalSimParallel no --maxSims 0 --historyName ExplorerRun.0 --historyUUID  --exprEvaluator vds --mcMapping mc1.mapping --checkLogStatusInterval 0 --exprEvalMaxTries 3 --maxNFSSyncWait 60 -adeBrokerAddress lxb17.cadcam.nus.edu.sg:35435 --statdbType h5 --virtuosoBinary virtuoso --guiDisplay 10.192.4.70:11.0 --globalStatus 60 --evaluateMultiMC yes --evalOnSimFail SkipFailedAnalyses --numRetriesOnError 1 --fenixMode explorer --lingertimeout 300 -ahdlLockTimeout 60 --sdbLib project --sdbCell test_opamp --sdbView maestro --heartBeatFileDir /dev/shm --id 6 --uuid 553b0f63-5801-41d6-8ef7-ed7829d84ed5 --log /staff1/elehch/EE3408C_pdk180nm/logs_elehch/logs0/Job6.log "}
[2024-08-08 14:20:29.183 +0800] [PROCESS] [cadence.virtuoso.ade.simulationMonitor] - Started the simulation monitor process {"hostname": "lxb17.cadcam.nus.edu.sg", "processid": 332833, "logfile": "/staff1/elehch/EE3408C_pdk180nm/logs_elehch/logs0/Job6.log", "current directory": "/staff1/elehch/EE3408C_pdk180nm"}
[2024-08-08 14:20:29.183 +0800] [PROCESS] [cadence.virtuoso.ade.simulationMonitor] - Simulation Monitor has successfully started up. Trying to set up communication channels to other components ... {"hostname": "lxb17.cadcam.nus.edu.sg", "processid": 332833, "logfile": "/staff1/elehch/EE3408C_pdk180nm/logs_elehch/logs0/Job6.log"}
[2024-08-08 14:20:29.183 +0800] [PROCESS] [cadence.virtuoso.ade.simulationMonitor] - Communication channels have been successfully set up. Start processing events ... {"hostname": "lxb17.cadcam.nus.edu.sg", "processid": 332833, "logfile": "/staff1/elehch/EE3408C_pdk180nm/logs_elehch/logs0/Job6.log"}
[2024-08-08 14:20:29.183 +0800] [PROCESS] [cadence.virtuoso.ade.simulationMonitor] - Considering to start history {"hostname": "lxb17.cadcam.nus.edu.sg", "processid": 332833, "history": "ExplorerRun.0", "logfile": "/staff1/elehch/EE3408C_pdk180nm/logs_elehch/logs0/Job6.log"}
[2024-08-08 14:20:29.185 +0800] [PROCESS] [cadence.virtuoso.ade.simulationMonitor] - HostInfo:
Host name (type):	lxb17.cadcam.nus.edu.sg (x86_64)
Operating system:	Linux 4.18.0-553.8.1.el8_10.x86_64 #1 SMP Fri Jun 14 03:19:37 EDT 2024 {"hostname": "lxb17.cadcam.nus.edu.sg", "processid": 332833, "history": "ExplorerRun.0", "logfile": "/staff1/elehch/EE3408C_pdk180nm/logs_elehch/logs0/Job6.log", "nodename": "lxb17.cadcam.nus.edu.sg", "domainname": "cadcam1", "machine": "x86_64", "sysname": "Linux", "release": "4.18.0-553.8.1.el8_10.x86_64", "version": "#1 SMP Fri Jun 14 03:19:37 EDT 2024"}
[2024-08-08 14:20:29.185 +0800] [PROCESS] [cadence.virtuoso.ade.simulationMonitor] - UsageInfo:
pid=332833
totalPhysicalMemory=15.088840GB,Used=5.882240GB,totalVirtualMemory=47.088837GB,Used=5.882240GB
Cpu: Cores=4, Load average:0.290000,0.100000,0.030000 {"hostname": "lxb17.cadcam.nus.edu.sg", "processid": 332833, "history": "ExplorerRun.0", "logfile": "/staff1/elehch/EE3408C_pdk180nm/logs_elehch/logs0/Job6.log", "pid": "332833", "totalPhysicalMemory": "15.088840", "physicalMemoryUsed": "5.882240", "totalVirtualMemory": "47.088837", "virtualMemoryUsed": "5.882240", "cpuCores": "4", "processes": "530", "loadAverage1": "0.290000", "loadAverage5": "0.100000", "loadAverage15": "0.030000", "loadAverage1Percent": "0.072500"}
[2024-08-08 14:20:29.228 +0800] [EVENT] [cadence.virtuoso.ade.simulationMonitor] - NewPoint {"history": "ExplorerRun.0", "point": 1, "testname": "project_test_opamp_1", "cornername": "Nominal", "event": "NewPoint", "EventSource": "Simulation Monitor", "HistoryName": "ExplorerRun.0", "logFile": "/staff1/elehch/EE3408C_pdk180nm/logs_elehch/logs0/Job6.log", "logFileSize": "4068", "category": "simulation"}
[2024-08-08 14:20:29.330 +0800] [EVENT] [cadence.virtuoso.ade.simulationMonitor] - NewPoint {"history": "ExplorerRun.0", "point": 1, "testname": "project_test_opamp_1", "cornername": "Nominal", "event": "NewPoint", "EventSource": "spectre", "HistoryName": "ExplorerRun.0", "logFile": "/staff1/elehch/simulation/project/test_opamp/maestro/results/maestro/ExplorerRun.0/1/project_test_opamp_1/psf/spectre.out", "logFileSize": "-1", "category": "simulation"}
[2024-08-08 14:20:29.474 +0800] [PROCESS] [cadence.virtuoso.ade.simulationMonitor] - Simulator launched {"hostname": "lxb17.cadcam.nus.edu.sg", "processid": 332833, "history": "ExplorerRun.0", "testname": "project_test_opamp_1", "cornername": "Nominal", "point": 1, "logfile": "/staff1/elehch/EE3408C_pdk180nm/logs_elehch/logs0/Job6.log", "simid": "1", "event": "launch", "category": "simulation"}
[2024-08-08 14:20:29.485 +0800] [PROCESS] [cadence.virtuoso.ade.simulationMonitor] - Expression evaluator launched {"hostname": "lxb17.cadcam.nus.edu.sg", "processid": 332833, "history": "ExplorerRun.0", "testname": "project_test_opamp_1", "cornername": "Nominal", "point": 1, "logfile": "/staff1/elehch/EE3408C_pdk180nm/logs_elehch/logs0/Job6.log"}
[2024-08-08 14:20:29.534 +0800] [PROCESS] [cadence.virtuoso.ade.simulationMonitor] - Started Simulation {"hostname": "lxb17.cadcam.nus.edu.sg", "processid": 332833, "history": "ExplorerRun.0", "testname": "project_test_opamp_1", "cornername": "Nominal", "point": 1, "logfile": "/staff1/elehch/EE3408C_pdk180nm/logs_elehch/logs0/Job6.log", "event": "start", "category": "simulation"}
[2024-08-08 14:20:30.534 +0800] [INFO] [cadence.virtuoso.ade.simulationMonitor] - Peak resident memory used = 68.5 Mbytes. {"history": "ExplorerRun.0", "point": 1, "testname": "project_test_opamp_1", "cornername": "Nominal"}
[2024-08-08 14:20:30.534 +0800] [INFO] [cadence.virtuoso.ade.simulationMonitor] - Peak resident memory used = 75.1 Mbytes. {"history": "ExplorerRun.0", "point": 1, "testname": "project_test_opamp_1", "cornername": "Nominal"}
[2024-08-08 14:20:30.534 +0800] [INFO] [cadence.virtuoso.ade.simulationMonitor] - Peak resident memory used = 75.1 Mbytes. {"history": "ExplorerRun.0", "point": 1, "testname": "project_test_opamp_1", "cornername": "Nominal"}
[2024-08-08 14:20:30.535 +0800] [INFO] [cadence.virtuoso.ade.simulationMonitor] - Notice from spectre during initial setup.
    Multithreading is disabled due to the size of the design being too small. {"history": "ExplorerRun.0", "point": 1, "testname": "project_test_opamp_1", "cornername": "Nominal"}
[2024-08-08 14:20:30.723 +0800] [INFO] [cadence.virtuoso.ade.simulationMonitor] -               nodes 7 {"history": "ExplorerRun.0", "point": 1, "testname": "project_test_opamp_1", "cornername": "Nominal"}
[2024-08-08 14:20:30.723 +0800] [INFO] [cadence.virtuoso.ade.simulationMonitor] - Notice from spectre during initial setup.
    APS Enabled. {"history": "ExplorerRun.0", "point": 1, "testname": "project_test_opamp_1", "cornername": "Nominal"}
[2024-08-08 14:20:30.723 +0800] [INFO] [cadence.virtuoso.ade.simulationMonitor] - Peak resident memory used = 77.4 Mbytes. {"history": "ExplorerRun.0", "point": 1, "testname": "project_test_opamp_1", "cornername": "Nominal"}
[2024-08-08 14:20:30.723 +0800] [WARN] [cadence.virtuoso.ade.simulationMonitor] -     WARNING (SPECTRE-16707): Only tran supports psfxl format, result of other analyses will be in psfbin format. {"history": "ExplorerRun.0", "point": 1, "testname": "project_test_opamp_1", "cornername": "Nominal"}
[2024-08-08 14:20:30.723 +0800] [INFO] [cadence.virtuoso.ade.simulationMonitor] - Notice from spectre at freq = 1 GHz during STB analysis `stb'.
    No gain margin. Phase does not reach 0 Deg. {"history": "ExplorerRun.0", "point": 1, "testname": "project_test_opamp_1", "cornername": "Nominal"}
[2024-08-08 14:20:30.724 +0800] [INFO] [cadence.virtuoso.ade.simulationMonitor] - Total time required for stb analysis `stb': CPU = 3.731 ms, elapsed = 78.701 ms. {"history": "ExplorerRun.0", "point": 1, "testname": "project_test_opamp_1", "cornername": "Nominal"}
[2024-08-08 14:20:30.724 +0800] [INFO] [cadence.virtuoso.ade.simulationMonitor] - Peak resident memory used = 77.4 Mbytes. {"history": "ExplorerRun.0", "point": 1, "testname": "project_test_opamp_1", "cornername": "Nominal"}
[2024-08-08 14:20:31.258 +0800] [INFO] [cadence.virtuoso.ade.simulationMonitor] - Time used: CPU = 144 ms, elapsed = 1.11 s, util. = 13%. {"history": "ExplorerRun.0", "point": 1, "testname": "project_test_opamp_1", "cornername": "Nominal"}
[2024-08-08 14:20:31.258 +0800] [INFO] [cadence.virtuoso.ade.simulationMonitor] - Time spent in licensing: elapsed = 19.5 ms. {"history": "ExplorerRun.0", "point": 1, "testname": "project_test_opamp_1", "cornername": "Nominal"}
[2024-08-08 14:20:31.278 +0800] [INFO] [cadence.virtuoso.ade.simulationMonitor] - Peak memory used = 79.8 Mbytes. {"history": "ExplorerRun.0", "point": 1, "testname": "project_test_opamp_1", "cornername": "Nominal"}
[2024-08-08 14:20:31.337 +0800] [PROCESS] [cadence.virtuoso.ade.simulationMonitor] - Simulation started at: 2:20:29 PM, Thur Aug 8, 2024, ended at: 2:20:30 PM, Thur Aug 8, 2024, with elapsed time (wall clock): 1.11 s. {"history": "ExplorerRun.0", "point": 1, "testname": "project_test_opamp_1", "cornername": "Nominal"}
[2024-08-08 14:20:31.337 +0800] [PROCESS] [cadence.virtuoso.ade.simulationMonitor] - spectre completes with 0 errors, 1 warning, and 3 notices. {"history": "ExplorerRun.0", "point": 1, "testname": "project_test_opamp_1", "cornername": "Nominal"}
[2024-08-08 14:20:31.337 +0800] [PROCESS] [cadence.virtuoso.ade.simulationMonitor] - Finished simulating for one point {"hostname": "lxb17.cadcam.nus.edu.sg", "processid": 332833, "history": "ExplorerRun.0", "testname": "project_test_opamp_1", "cornername": "Nominal", "point": 1, "logfile": "/staff1/elehch/EE3408C_pdk180nm/logs_elehch/logs0/Job6.log", "simid": "1", "event": "finish", "category": "simulation"}
[2024-08-08 14:20:31.337 +0800] [PROCESS] [cadence.virtuoso.ade.simulationMonitor] - Simulator exited {"hostname": "lxb17.cadcam.nus.edu.sg", "processid": 332833, "history": "ExplorerRun.0", "testname": "project_test_opamp_1", "cornername": "Nominal", "point": 1, "logfile": "/staff1/elehch/EE3408C_pdk180nm/logs_elehch/logs0/Job6.log", "exitStatus": "0"}
[2024-08-08 14:20:31.337 +0800] [PROCESS] [cadence.virtuoso.ade.simulationMonitor] - Finished Simulation {"hostname": "lxb17.cadcam.nus.edu.sg", "processid": 332833, "history": "ExplorerRun.0", "testname": "project_test_opamp_1", "cornername": "Nominal", "point": 1, "logfile": "/staff1/elehch/EE3408C_pdk180nm/logs_elehch/logs0/Job6.log", "simid": "1", "event": "finish", "category": "obsolete"}
[2024-08-08 14:20:34.866 +0800] [PROCESS] [cadence.virtuoso.ade.simulationMonitor] - Point Finished {"hostname": "lxb17.cadcam.nus.edu.sg", "processid": 332833, "history": "ExplorerRun.0", "testname": "project_test_opamp_1", "cornername": "Nominal", "point": 1, "logfile": "/staff1/elehch/EE3408C_pdk180nm/logs_elehch/logs0/Job6.log", "event": "finish", "category": "sim-eval"}
[2024-08-08 14:20:35.868 +0800] [PROCESS] [cadence.virtuoso.ade.simulationMonitor] - Stay with the runId '0', Linger time '300', currentRunSyn '1', currentTestSyn '2' {"hostname": "lxb17.cadcam.nus.edu.sg", "processid": 332833, "history": "ExplorerRun.0", "testname": "project_test_opamp_1", "cornername": "Nominal", "point": 1, "logfile": "/staff1/elehch/EE3408C_pdk180nm/logs_elehch/logs0/Job6.log"}
[2024-08-08 14:25:35.726 +0800] [PROCESS] [cadence.virtuoso.ade.simulationMonitor] - Current memory used: 81.8438 MBytes, peak memory used: 81.8438 MBytes {"hostname": "lxb17.cadcam.nus.edu.sg", "processid": 332833, "history": "ExplorerRun.0", "testname": "project_test_opamp_1", "cornername": "Nominal", "point": 1, "logfile": "/staff1/elehch/EE3408C_pdk180nm/logs_elehch/logs0/Job6.log"}
[2024-08-08 14:25:35.727 +0800] [PROCESS] [cadence.virtuoso.ade.simulationMonitor] - Simulation Monitor process exits. {"hostname": "lxb17.cadcam.nus.edu.sg", "processid": 332833, "history": "ExplorerRun.0", "testname": "project_test_opamp_1", "cornername": "Nominal", "point": 1, "logfile": "/staff1/elehch/EE3408C_pdk180nm/logs_elehch/logs0/Job6.log"}
